[12:16:41.834] Global cache location '/home/rishavmngo/.cache/typescript/4.7', safe file path '/usr/lib/node_modules/typescript/lib/typingSafeList.json', types map path /usr/lib/node_modules/typescript/lib/typesMap.json
[12:16:41.834] Processing cache location '/home/rishavmngo/.cache/typescript/4.7'
[12:16:41.835] Trying to find '/home/rishavmngo/.cache/typescript/4.7/package.json'...
[12:16:41.838] Loaded content of '/home/rishavmngo/.cache/typescript/4.7/package.json': {"private":true,"dependencies":{"types-registry":"^0.1.606"},"devDependencies":{"@types/aria-query":"^5.0.0","@types/node-fetch":"^2.6.2","@types/react":"^18.0.17","@types/react-dom":"^18.0.6","@types/react-router":"^5.1.18","@types/react-router-dom":"^5.3.3","@types/sass":"^1.43.1","@types/testing-library__jest-dom":"^5.14.5"}}
[12:16:41.838] Loaded content of '/home/rishavmngo/.cache/typescript/4.7/package-lock.json'
[12:16:41.851] Adding entry into typings cache: 'aria-query' => '/home/rishavmngo/.cache/typescript/4.7/node_modules/@types/aria-query/index.d.ts'
[12:16:41.855] Adding entry into typings cache: 'node-fetch' => '/home/rishavmngo/.cache/typescript/4.7/node_modules/@types/node-fetch/index.d.ts'
[12:16:41.859] Adding entry into typings cache: 'react' => '/home/rishavmngo/.cache/typescript/4.7/node_modules/@types/react/index.d.ts'
[12:16:41.862] Adding entry into typings cache: 'react-dom' => '/home/rishavmngo/.cache/typescript/4.7/node_modules/@types/react-dom/index.d.ts'
[12:16:41.866] Adding entry into typings cache: 'react-router' => '/home/rishavmngo/.cache/typescript/4.7/node_modules/@types/react-router/index.d.ts'
[12:16:41.869] Adding entry into typings cache: 'react-router-dom' => '/home/rishavmngo/.cache/typescript/4.7/node_modules/@types/react-router-dom/index.d.ts'
[12:16:41.870] Adding entry into typings cache: 'sass' => '/home/rishavmngo/.cache/typescript/4.7/node_modules/@types/sass/index.d.ts'
[12:16:41.873] Adding entry into typings cache: 'testing-library__jest-dom' => '/home/rishavmngo/.cache/typescript/4.7/node_modules/@types/testing-library__jest-dom/index.d.ts'
[12:16:41.873] Finished processing cache location '/home/rishavmngo/.cache/typescript/4.7'
[12:16:41.873] Process id: 13693
[12:16:41.873] NPM location: /usr/bin/npm (explicit '--npmLocation' not  provided)
[12:16:41.873] validateDefaultNpmLocation: false
[12:16:41.874] Npm config file: /home/rishavmngo/.cache/typescript/4.7/package.json
[12:16:41.874] Updating types-registry npm package...
[12:16:41.874] Exec: /usr/bin/npm install --ignore-scripts types-registry@latest
[12:16:45.047]     Succeeded. stdout:
    
    up to date, audited 38 packages in 3s

3 packages are looking for funding
  run `npm fund` for details

found 0 vulnerabilities

[12:16:45.047] Updated types-registry npm package
[12:16:45.795] Got install request {"projectName":"/dev/null/inferredProject1*","fileNames":["/usr/lib/node_modules/typescript/lib/lib.es5.d.ts","/usr/lib/node_modules/typescript/lib/lib.es2015.d.ts","/usr/lib/node_modules/typescript/lib/lib.es2016.d.ts","/usr/lib/node_modules/typescript/lib/lib.dom.d.ts","/usr/lib/node_modules/typescript/lib/lib.dom.iterable.d.ts","/usr/lib/node_modules/typescript/lib/lib.webworker.importscripts.d.ts","/usr/lib/node_modules/typescript/lib/lib.scripthost.d.ts","/usr/lib/node_modules/typescript/lib/lib.es2015.core.d.ts","/usr/lib/node_modules/typescript/lib/lib.es2015.collection.d.ts","/usr/lib/node_modules/typescript/lib/lib.es2015.generator.d.ts","/usr/lib/node_modules/typescript/lib/lib.es2015.iterable.d.ts","/usr/lib/node_modules/typescript/lib/lib.es2015.promise.d.ts","/usr/lib/node_modules/typescript/lib/lib.es2015.proxy.d.ts","/usr/lib/node_modules/typescript/lib/lib.es2015.reflect.d.ts","/usr/lib/node_modules/typescript/lib/lib.es2015.symbol.d.ts","/usr/lib/node_modules/typescript/lib/lib.es2015.symbol.wellknown.d.ts","/usr/lib/node_modules/typescript/lib/lib.es2016.array.include.d.ts","/usr/lib/node_modules/typescript/lib/lib.es2016.full.d.ts","/home/rishavmngo/Documents/My_work/web_dev/react-projects/crwn-clothing/src/utils/firebase/firebase.utils.jsx"],"compilerOptions":{"module":1,"target":3,"jsx":1,"allowJs":true,"allowSyntheticDefaultImports":true,"allowNonTsExtensions":true,"noEmitForJsFiles":true,"maxNodeModuleJsDepth":2},"typeAcquisition":{"enable":true,"include":[],"exclude":[]},"unresolvedImports":[],"projectRootPath":"/home/rishavmngo/Documents/My_work/web_dev/react-projects/crwn-clothing/src/utils/firebase","kind":"discover"}
[12:16:45.812] Loaded safelist from types map file '/usr/lib/node_modules/typescript/lib/typesMap.json'
[12:16:45.813] Explicitly included types: []
[12:16:45.814] Inferred 'react' typings due to presence of '.jsx' extension
[12:16:45.814] Inferred typings from unresolved imports: []
[12:16:45.814] Result: {"cachedTypingPaths":["/home/rishavmngo/.cache/typescript/4.7/node_modules/@types/react/index.d.ts"],"newTypingNames":[],"filesToWatch":["/home/rishavmngo/Documents/My_work/web_dev/react-projects/crwn-clothing/src/utils/firebase/bower_components","/home/rishavmngo/Documents/My_work/web_dev/react-projects/crwn-clothing/src/utils/firebase/node_modules"]}
[12:16:45.814] Finished typings discovery: {"cachedTypingPaths":["/home/rishavmngo/.cache/typescript/4.7/node_modules/@types/react/index.d.ts"],"newTypingNames":[],"filesToWatch":["/home/rishavmngo/Documents/My_work/web_dev/react-projects/crwn-clothing/src/utils/firebase/bower_components","/home/rishavmngo/Documents/My_work/web_dev/react-projects/crwn-clothing/src/utils/firebase/node_modules"]}
[12:16:45.815] DirectoryWatcher:: Added:: WatchInfo: /home/rishavmngo/Documents/My_work/web_dev/react-projects/crwn-clothing/src/utils/firebase/bower_components
[12:16:45.815] DirectoryWatcher:: Added:: WatchInfo: /home/rishavmngo/Documents/My_work/web_dev/react-projects/crwn-clothing/src/utils/firebase/bower_components 1 undefined Project: /dev/null/inferredProject1* watcher already invoked: false
[12:16:45.817] Elapsed:: 1.6826949995011091ms DirectoryWatcher:: Added:: WatchInfo: /home/rishavmngo/Documents/My_work/web_dev/react-projects/crwn-clothing/src/utils/firebase/bower_components 1 undefined Project: /dev/null/inferredProject1* watcher already invoked: false
[12:16:45.817] DirectoryWatcher:: Added:: WatchInfo: /home/rishavmngo/Documents/My_work/web_dev/react-projects/crwn-clothing/src/utils/firebase/node_modules
[12:16:45.817] DirectoryWatcher:: Added:: WatchInfo: /home/rishavmngo/Documents/My_work/web_dev/react-projects/crwn-clothing/src/utils/firebase/node_modules 1 undefined Project: /dev/null/inferredProject1* watcher already invoked: false
[12:16:45.817] Elapsed:: 0.11353500001132488ms DirectoryWatcher:: Added:: WatchInfo: /home/rishavmngo/Documents/My_work/web_dev/react-projects/crwn-clothing/src/utils/firebase/node_modules 1 undefined Project: /dev/null/inferredProject1* watcher already invoked: false
[12:16:45.817] Sending response:
    {"projectName":"/dev/null/inferredProject1*","typeAcquisition":{"enable":true,"include":[],"exclude":[]},"compilerOptions":{"module":1,"target":3,"jsx":1,"allowJs":true,"allowSyntheticDefaultImports":true,"allowNonTsExtensions":true,"noEmitForJsFiles":true,"maxNodeModuleJsDepth":2},"typings":["/home/rishavmngo/.cache/typescript/4.7/node_modules/@types/react/index.d.ts"],"unresolvedImports":[],"kind":"action::set"}
[12:16:45.817] Response has been sent.
[12:16:45.818] No new typings were requested as a result of typings discovery
[12:16:46.462] Got install request {"projectName":"/dev/null/inferredProject1*","fileNames":["/usr/lib/node_modules/typescript/lib/lib.es5.d.ts","/usr/lib/node_modules/typescript/lib/lib.es2015.d.ts","/usr/lib/node_modules/typescript/lib/lib.es2016.d.ts","/usr/lib/node_modules/typescript/lib/lib.dom.d.ts","/usr/lib/node_modules/typescript/lib/lib.dom.iterable.d.ts","/usr/lib/node_modules/typescript/lib/lib.webworker.importscripts.d.ts","/usr/lib/node_modules/typescript/lib/lib.scripthost.d.ts","/usr/lib/node_modules/typescript/lib/lib.es2015.core.d.ts","/usr/lib/node_modules/typescript/lib/lib.es2015.collection.d.ts","/usr/lib/node_modules/typescript/lib/lib.es2015.generator.d.ts","/usr/lib/node_modules/typescript/lib/lib.es2015.iterable.d.ts","/usr/lib/node_modules/typescript/lib/lib.es2015.promise.d.ts","/usr/lib/node_modules/typescript/lib/lib.es2015.proxy.d.ts","/usr/lib/node_modules/typescript/lib/lib.es2015.reflect.d.ts","/usr/lib/node_modules/typescript/lib/lib.es2015.symbol.d.ts","/usr/lib/node_modules/typescript/lib/lib.es2015.symbol.wellknown.d.ts","/usr/lib/node_modules/typescript/lib/lib.es2016.array.include.d.ts","/usr/lib/node_modules/typescript/lib/lib.es2016.full.d.ts","/home/rishavmngo/Documents/My_work/web_dev/react-projects/crwn-clothing/src/utils/firebase/firebase.utils.jsx","/home/rishavmngo/.cache/typescript/4.7/node_modules/@types/react/global.d.ts","/home/rishavmngo/.cache/typescript/4.7/node_modules/@types/react/index.d.ts"],"compilerOptions":{"module":1,"target":3,"jsx":1,"allowJs":true,"allowSyntheticDefaultImports":true,"allowNonTsExtensions":true,"noEmitForJsFiles":true,"maxNodeModuleJsDepth":2},"typeAcquisition":{"enable":true,"include":[],"exclude":[]},"unresolvedImports":[],"projectRootPath":"/home/rishavmngo/Documents/My_work/web_dev/react-projects/crwn-clothing/src/utils/firebase","kind":"discover"}
[12:16:46.462] Explicitly included types: []
[12:16:46.462] Inferred 'react' typings due to presence of '.jsx' extension
[12:16:46.462] Inferred typings from unresolved imports: []
[12:16:46.462] Result: {"cachedTypingPaths":["/home/rishavmngo/.cache/typescript/4.7/node_modules/@types/react/index.d.ts"],"newTypingNames":[],"filesToWatch":["/home/rishavmngo/Documents/My_work/web_dev/react-projects/crwn-clothing/src/utils/firebase/bower_components","/home/rishavmngo/Documents/My_work/web_dev/react-projects/crwn-clothing/src/utils/firebase/node_modules"]}
[12:16:46.462] Finished typings discovery: {"cachedTypingPaths":["/home/rishavmngo/.cache/typescript/4.7/node_modules/@types/react/index.d.ts"],"newTypingNames":[],"filesToWatch":["/home/rishavmngo/Documents/My_work/web_dev/react-projects/crwn-clothing/src/utils/firebase/bower_components","/home/rishavmngo/Documents/My_work/web_dev/react-projects/crwn-clothing/src/utils/firebase/node_modules"]}
[12:16:46.463] Sending response:
    {"projectName":"/dev/null/inferredProject1*","typeAcquisition":{"enable":true,"include":[],"exclude":[]},"compilerOptions":{"module":1,"target":3,"jsx":1,"allowJs":true,"allowSyntheticDefaultImports":true,"allowNonTsExtensions":true,"noEmitForJsFiles":true,"maxNodeModuleJsDepth":2},"typings":["/home/rishavmngo/.cache/typescript/4.7/node_modules/@types/react/index.d.ts"],"unresolvedImports":[],"kind":"action::set"}
[12:16:46.463] Response has been sent.
[12:16:46.463] No new typings were requested as a result of typings discovery
[12:16:50.457] Got install request {"projectName":"/dev/null/inferredProject2*","fileNames":["/usr/lib/node_modules/typescript/lib/lib.es5.d.ts","/usr/lib/node_modules/typescript/lib/lib.es2015.d.ts","/usr/lib/node_modules/typescript/lib/lib.es2016.d.ts","/usr/lib/node_modules/typescript/lib/lib.dom.d.ts","/usr/lib/node_modules/typescript/lib/lib.dom.iterable.d.ts","/usr/lib/node_modules/typescript/lib/lib.webworker.importscripts.d.ts","/usr/lib/node_modules/typescript/lib/lib.scripthost.d.ts","/usr/lib/node_modules/typescript/lib/lib.es2015.core.d.ts","/usr/lib/node_modules/typescript/lib/lib.es2015.collection.d.ts","/usr/lib/node_modules/typescript/lib/lib.es2015.generator.d.ts","/usr/lib/node_modules/typescript/lib/lib.es2015.iterable.d.ts","/usr/lib/node_modules/typescript/lib/lib.es2015.promise.d.ts","/usr/lib/node_modules/typescript/lib/lib.es2015.proxy.d.ts","/usr/lib/node_modules/typescript/lib/lib.es2015.reflect.d.ts","/usr/lib/node_modules/typescript/lib/lib.es2015.symbol.d.ts","/usr/lib/node_modules/typescript/lib/lib.es2015.symbol.wellknown.d.ts","/usr/lib/node_modules/typescript/lib/lib.es2016.array.include.d.ts","/usr/lib/node_modules/typescript/lib/lib.es2016.full.d.ts","/home/rishavmngo/Documents/My_work/web_dev/react-projects/crwn-clothing/src/component/form-input/form-input.component.jsx","/home/rishavmngo/Documents/My_work/web_dev/react-projects/crwn-clothing/src/component/button/button.component.jsx","/home/rishavmngo/Documents/My_work/web_dev/react-projects/crwn-clothing/src/utils/firebase/firebase.utils.jsx","/home/rishavmngo/Documents/My_work/web_dev/react-projects/crwn-clothing/src/contexts/user.context.jsx","/home/rishavmngo/Documents/My_work/web_dev/react-projects/crwn-clothing/src/component/sign-in-form/sign-in-form.component.jsx"],"compilerOptions":{"module":1,"target":3,"jsx":1,"allowJs":true,"allowSyntheticDefaultImports":true,"allowNonTsExtensions":true,"noEmitForJsFiles":true,"maxNodeModuleJsDepth":2},"typeAcquisition":{"enable":true,"include":[],"exclude":[]},"unresolvedImports":[],"projectRootPath":"/home/rishavmngo/Documents/My_work/web_dev/react-projects/crwn-clothing/src/component/sign-in-form","kind":"discover"}
[12:16:50.457] Explicitly included types: []
[12:16:50.458] Inferred 'react' typings due to presence of '.jsx' extension
[12:16:50.458] Inferred typings from unresolved imports: []
[12:16:50.458] Result: {"cachedTypingPaths":["/home/rishavmngo/.cache/typescript/4.7/node_modules/@types/react/index.d.ts"],"newTypingNames":[],"filesToWatch":["/home/rishavmngo/Documents/My_work/web_dev/react-projects/crwn-clothing/src/component/form-input/bower_components","/home/rishavmngo/Documents/My_work/web_dev/react-projects/crwn-clothing/src/component/form-input/node_modules","/home/rishavmngo/Documents/My_work/web_dev/react-projects/crwn-clothing/src/component/button/bower_components","/home/rishavmngo/Documents/My_work/web_dev/react-projects/crwn-clothing/src/component/button/node_modules","/home/rishavmngo/Documents/My_work/web_dev/react-projects/crwn-clothing/src/utils/firebase/bower_components","/home/rishavmngo/Documents/My_work/web_dev/react-projects/crwn-clothing/src/utils/firebase/node_modules","/home/rishavmngo/Documents/My_work/web_dev/react-projects/crwn-clothing/src/contexts/bower_components","/home/rishavmngo/Documents/My_work/web_dev/react-projects/crwn-clothing/src/contexts/node_modules","/home/rishavmngo/Documents/My_work/web_dev/react-projects/crwn-clothing/src/component/sign-in-form/bower_components","/home/rishavmngo/Documents/My_work/web_dev/react-projects/crwn-clothing/src/component/sign-in-form/node_modules"]}
[12:16:50.458] Finished typings discovery: {"cachedTypingPaths":["/home/rishavmngo/.cache/typescript/4.7/node_modules/@types/react/index.d.ts"],"newTypingNames":[],"filesToWatch":["/home/rishavmngo/Documents/My_work/web_dev/react-projects/crwn-clothing/src/component/form-input/bower_components","/home/rishavmngo/Documents/My_work/web_dev/react-projects/crwn-clothing/src/component/form-input/node_modules","/home/rishavmngo/Documents/My_work/web_dev/react-projects/crwn-clothing/src/component/button/bower_components","/home/rishavmngo/Documents/My_work/web_dev/react-projects/crwn-clothing/src/component/button/node_modules","/home/rishavmngo/Documents/My_work/web_dev/react-projects/crwn-clothing/src/utils/firebase/bower_components","/home/rishavmngo/Documents/My_work/web_dev/react-projects/crwn-clothing/src/utils/firebase/node_modules","/home/rishavmngo/Documents/My_work/web_dev/react-projects/crwn-clothing/src/contexts/bower_components","/home/rishavmngo/Documents/My_work/web_dev/react-projects/crwn-clothing/src/contexts/node_modules","/home/rishavmngo/Documents/My_work/web_dev/react-projects/crwn-clothing/src/component/sign-in-form/bower_components","/home/rishavmngo/Documents/My_work/web_dev/react-projects/crwn-clothing/src/component/sign-in-form/node_modules"]}
[12:16:50.458] DirectoryWatcher:: Added:: WatchInfo: /home/rishavmngo/Documents/My_work/web_dev/react-projects/crwn-clothing/src/component/form-input/bower_components
[12:16:50.458] DirectoryWatcher:: Added:: WatchInfo: /home/rishavmngo/Documents/My_work/web_dev/react-projects/crwn-clothing/src/component/form-input/bower_components 1 undefined Project: /dev/null/inferredProject2* watcher already invoked: false
[12:16:50.459] Elapsed:: 0.278116000816226ms DirectoryWatcher:: Added:: WatchInfo: /home/rishavmngo/Documents/My_work/web_dev/react-projects/crwn-clothing/src/component/form-input/bower_components 1 undefined Project: /dev/null/inferredProject2* watcher already invoked: false
[12:16:50.459] DirectoryWatcher:: Added:: WatchInfo: /home/rishavmngo/Documents/My_work/web_dev/react-projects/crwn-clothing/src/component/form-input/node_modules
[12:16:50.459] DirectoryWatcher:: Added:: WatchInfo: /home/rishavmngo/Documents/My_work/web_dev/react-projects/crwn-clothing/src/component/form-input/node_modules 1 undefined Project: /dev/null/inferredProject2* watcher already invoked: false
[12:16:50.459] Elapsed:: 0.20387599989771843ms DirectoryWatcher:: Added:: WatchInfo: /home/rishavmngo/Documents/My_work/web_dev/react-projects/crwn-clothing/src/component/form-input/node_modules 1 undefined Project: /dev/null/inferredProject2* watcher already invoked: false
[12:16:50.460] DirectoryWatcher:: Added:: WatchInfo: /home/rishavmngo/Documents/My_work/web_dev/react-projects/crwn-clothing/src/component/button/bower_components
[12:16:50.460] DirectoryWatcher:: Added:: WatchInfo: /home/rishavmngo/Documents/My_work/web_dev/react-projects/crwn-clothing/src/component/button/bower_components 1 undefined Project: /dev/null/inferredProject2* watcher already invoked: false
[12:16:50.460] Elapsed:: 0.17165499925613403ms DirectoryWatcher:: Added:: WatchInfo: /home/rishavmngo/Documents/My_work/web_dev/react-projects/crwn-clothing/src/component/button/bower_components 1 undefined Project: /dev/null/inferredProject2* watcher already invoked: false
[12:16:50.460] DirectoryWatcher:: Added:: WatchInfo: /home/rishavmngo/Documents/My_work/web_dev/react-projects/crwn-clothing/src/component/button/node_modules
[12:16:50.460] DirectoryWatcher:: Added:: WatchInfo: /home/rishavmngo/Documents/My_work/web_dev/react-projects/crwn-clothing/src/component/button/node_modules 1 undefined Project: /dev/null/inferredProject2* watcher already invoked: false
[12:16:50.460] Elapsed:: 0.15753800049424171ms DirectoryWatcher:: Added:: WatchInfo: /home/rishavmngo/Documents/My_work/web_dev/react-projects/crwn-clothing/src/component/button/node_modules 1 undefined Project: /dev/null/inferredProject2* watcher already invoked: false
[12:16:50.460] DirectoryWatcher:: Added:: WatchInfo: /home/rishavmngo/Documents/My_work/web_dev/react-projects/crwn-clothing/src/utils/firebase/bower_components
[12:16:50.460] DirectoryWatcher:: Added:: WatchInfo: /home/rishavmngo/Documents/My_work/web_dev/react-projects/crwn-clothing/src/utils/firebase/bower_components 1 undefined Project: /dev/null/inferredProject2* watcher already invoked: false
[12:16:50.460] Elapsed:: 0.023714998736977577ms DirectoryWatcher:: Added:: WatchInfo: /home/rishavmngo/Documents/My_work/web_dev/react-projects/crwn-clothing/src/utils/firebase/bower_components 1 undefined Project: /dev/null/inferredProject2* watcher already invoked: false
[12:16:50.461] DirectoryWatcher:: Added:: WatchInfo: /home/rishavmngo/Documents/My_work/web_dev/react-projects/crwn-clothing/src/utils/firebase/node_modules
[12:16:50.461] DirectoryWatcher:: Added:: WatchInfo: /home/rishavmngo/Documents/My_work/web_dev/react-projects/crwn-clothing/src/utils/firebase/node_modules 1 undefined Project: /dev/null/inferredProject2* watcher already invoked: false
[12:16:50.461] Elapsed:: 0.02006799913942814ms DirectoryWatcher:: Added:: WatchInfo: /home/rishavmngo/Documents/My_work/web_dev/react-projects/crwn-clothing/src/utils/firebase/node_modules 1 undefined Project: /dev/null/inferredProject2* watcher already invoked: false
[12:16:50.461] DirectoryWatcher:: Added:: WatchInfo: /home/rishavmngo/Documents/My_work/web_dev/react-projects/crwn-clothing/src/contexts/bower_components
[12:16:50.461] DirectoryWatcher:: Added:: WatchInfo: /home/rishavmngo/Documents/My_work/web_dev/react-projects/crwn-clothing/src/contexts/bower_components 1 undefined Project: /dev/null/inferredProject2* watcher already invoked: false
[12:16:50.461] Elapsed:: 0.2743189986795187ms DirectoryWatcher:: Added:: WatchInfo: /home/rishavmngo/Documents/My_work/web_dev/react-projects/crwn-clothing/src/contexts/bower_components 1 undefined Project: /dev/null/inferredProject2* watcher already invoked: false
[12:16:50.461] DirectoryWatcher:: Added:: WatchInfo: /home/rishavmngo/Documents/My_work/web_dev/react-projects/crwn-clothing/src/contexts/node_modules
[12:16:50.461] DirectoryWatcher:: Added:: WatchInfo: /home/rishavmngo/Documents/My_work/web_dev/react-projects/crwn-clothing/src/contexts/node_modules 1 undefined Project: /dev/null/inferredProject2* watcher already invoked: false
[12:16:50.461] Elapsed:: 0.13570699840784073ms DirectoryWatcher:: Added:: WatchInfo: /home/rishavmngo/Documents/My_work/web_dev/react-projects/crwn-clothing/src/contexts/node_modules 1 undefined Project: /dev/null/inferredProject2* watcher already invoked: false
[12:16:50.462] DirectoryWatcher:: Added:: WatchInfo: /home/rishavmngo/Documents/My_work/web_dev/react-projects/crwn-clothing/src/component/sign-in-form/bower_components
[12:16:50.462] DirectoryWatcher:: Added:: WatchInfo: /home/rishavmngo/Documents/My_work/web_dev/react-projects/crwn-clothing/src/component/sign-in-form/bower_components 1 undefined Project: /dev/null/inferredProject2* watcher already invoked: false
[12:16:50.462] Elapsed:: 0.2628070004284382ms DirectoryWatcher:: Added:: WatchInfo: /home/rishavmngo/Documents/My_work/web_dev/react-projects/crwn-clothing/src/component/sign-in-form/bower_components 1 undefined Project: /dev/null/inferredProject2* watcher already invoked: false
[12:16:50.462] DirectoryWatcher:: Added:: WatchInfo: /home/rishavmngo/Documents/My_work/web_dev/react-projects/crwn-clothing/src/component/sign-in-form/node_modules
[12:16:50.462] DirectoryWatcher:: Added:: WatchInfo: /home/rishavmngo/Documents/My_work/web_dev/react-projects/crwn-clothing/src/component/sign-in-form/node_modules 1 undefined Project: /dev/null/inferredProject2* watcher already invoked: false
[12:16:50.462] Elapsed:: 0.13770100101828575ms DirectoryWatcher:: Added:: WatchInfo: /home/rishavmngo/Documents/My_work/web_dev/react-projects/crwn-clothing/src/component/sign-in-form/node_modules 1 undefined Project: /dev/null/inferredProject2* watcher already invoked: false
[12:16:50.463] Sending response:
    {"projectName":"/dev/null/inferredProject2*","typeAcquisition":{"enable":true,"include":[],"exclude":[]},"compilerOptions":{"module":1,"target":3,"jsx":1,"allowJs":true,"allowSyntheticDefaultImports":true,"allowNonTsExtensions":true,"noEmitForJsFiles":true,"maxNodeModuleJsDepth":2},"typings":["/home/rishavmngo/.cache/typescript/4.7/node_modules/@types/react/index.d.ts"],"unresolvedImports":[],"kind":"action::set"}
[12:16:50.463] Response has been sent.
[12:16:50.463] No new typings were requested as a result of typings discovery
[12:16:50.797] Got install request {"projectName":"/dev/null/inferredProject2*","fileNames":["/usr/lib/node_modules/typescript/lib/lib.es5.d.ts","/usr/lib/node_modules/typescript/lib/lib.es2015.d.ts","/usr/lib/node_modules/typescript/lib/lib.es2016.d.ts","/usr/lib/node_modules/typescript/lib/lib.dom.d.ts","/usr/lib/node_modules/typescript/lib/lib.dom.iterable.d.ts","/usr/lib/node_modules/typescript/lib/lib.webworker.importscripts.d.ts","/usr/lib/node_modules/typescript/lib/lib.scripthost.d.ts","/usr/lib/node_modules/typescript/lib/lib.es2015.core.d.ts","/usr/lib/node_modules/typescript/lib/lib.es2015.collection.d.ts","/usr/lib/node_modules/typescript/lib/lib.es2015.generator.d.ts","/usr/lib/node_modules/typescript/lib/lib.es2015.iterable.d.ts","/usr/lib/node_modules/typescript/lib/lib.es2015.promise.d.ts","/usr/lib/node_modules/typescript/lib/lib.es2015.proxy.d.ts","/usr/lib/node_modules/typescript/lib/lib.es2015.reflect.d.ts","/usr/lib/node_modules/typescript/lib/lib.es2015.symbol.d.ts","/usr/lib/node_modules/typescript/lib/lib.es2015.symbol.wellknown.d.ts","/usr/lib/node_modules/typescript/lib/lib.es2016.array.include.d.ts","/usr/lib/node_modules/typescript/lib/lib.es2016.full.d.ts","/home/rishavmngo/Documents/My_work/web_dev/react-projects/crwn-clothing/src/component/form-input/form-input.component.jsx","/home/rishavmngo/Documents/My_work/web_dev/react-projects/crwn-clothing/src/component/button/button.component.jsx","/home/rishavmngo/Documents/My_work/web_dev/react-projects/crwn-clothing/src/utils/firebase/firebase.utils.jsx","/home/rishavmngo/Documents/My_work/web_dev/react-projects/crwn-clothing/src/contexts/user.context.jsx","/home/rishavmngo/Documents/My_work/web_dev/react-projects/crwn-clothing/src/component/sign-in-form/sign-in-form.component.jsx","/home/rishavmngo/.cache/typescript/4.7/node_modules/@types/react/global.d.ts","/home/rishavmngo/.cache/typescript/4.7/node_modules/@types/react/index.d.ts"],"compilerOptions":{"module":1,"target":3,"jsx":1,"allowJs":true,"allowSyntheticDefaultImports":true,"allowNonTsExtensions":true,"noEmitForJsFiles":true,"maxNodeModuleJsDepth":2},"typeAcquisition":{"enable":true,"include":[],"exclude":[]},"unresolvedImports":[],"projectRootPath":"/home/rishavmngo/Documents/My_work/web_dev/react-projects/crwn-clothing/src/component/sign-in-form","kind":"discover"}
[12:16:50.798] Explicitly included types: []
[12:16:50.798] Inferred 'react' typings due to presence of '.jsx' extension
[12:16:50.798] Inferred typings from unresolved imports: []
[12:16:50.798] Result: {"cachedTypingPaths":["/home/rishavmngo/.cache/typescript/4.7/node_modules/@types/react/index.d.ts"],"newTypingNames":[],"filesToWatch":["/home/rishavmngo/Documents/My_work/web_dev/react-projects/crwn-clothing/src/component/form-input/bower_components","/home/rishavmngo/Documents/My_work/web_dev/react-projects/crwn-clothing/src/component/form-input/node_modules","/home/rishavmngo/Documents/My_work/web_dev/react-projects/crwn-clothing/src/component/button/bower_components","/home/rishavmngo/Documents/My_work/web_dev/react-projects/crwn-clothing/src/component/button/node_modules","/home/rishavmngo/Documents/My_work/web_dev/react-projects/crwn-clothing/src/utils/firebase/bower_components","/home/rishavmngo/Documents/My_work/web_dev/react-projects/crwn-clothing/src/utils/firebase/node_modules","/home/rishavmngo/Documents/My_work/web_dev/react-projects/crwn-clothing/src/contexts/bower_components","/home/rishavmngo/Documents/My_work/web_dev/react-projects/crwn-clothing/src/contexts/node_modules","/home/rishavmngo/Documents/My_work/web_dev/react-projects/crwn-clothing/src/component/sign-in-form/bower_components","/home/rishavmngo/Documents/My_work/web_dev/react-projects/crwn-clothing/src/component/sign-in-form/node_modules"]}
[12:16:50.798] Finished typings discovery: {"cachedTypingPaths":["/home/rishavmngo/.cache/typescript/4.7/node_modules/@types/react/index.d.ts"],"newTypingNames":[],"filesToWatch":["/home/rishavmngo/Documents/My_work/web_dev/react-projects/crwn-clothing/src/component/form-input/bower_components","/home/rishavmngo/Documents/My_work/web_dev/react-projects/crwn-clothing/src/component/form-input/node_modules","/home/rishavmngo/Documents/My_work/web_dev/react-projects/crwn-clothing/src/component/button/bower_components","/home/rishavmngo/Documents/My_work/web_dev/react-projects/crwn-clothing/src/component/button/node_modules","/home/rishavmngo/Documents/My_work/web_dev/react-projects/crwn-clothing/src/utils/firebase/bower_components","/home/rishavmngo/Documents/My_work/web_dev/react-projects/crwn-clothing/src/utils/firebase/node_modules","/home/rishavmngo/Documents/My_work/web_dev/react-projects/crwn-clothing/src/contexts/bower_components","/home/rishavmngo/Documents/My_work/web_dev/react-projects/crwn-clothing/src/contexts/node_modules","/home/rishavmngo/Documents/My_work/web_dev/react-projects/crwn-clothing/src/component/sign-in-form/bower_components","/home/rishavmngo/Documents/My_work/web_dev/react-projects/crwn-clothing/src/component/sign-in-form/node_modules"]}
[12:16:50.799] Sending response:
    {"projectName":"/dev/null/inferredProject2*","typeAcquisition":{"enable":true,"include":[],"exclude":[]},"compilerOptions":{"module":1,"target":3,"jsx":1,"allowJs":true,"allowSyntheticDefaultImports":true,"allowNonTsExtensions":true,"noEmitForJsFiles":true,"maxNodeModuleJsDepth":2},"typings":["/home/rishavmngo/.cache/typescript/4.7/node_modules/@types/react/index.d.ts"],"unresolvedImports":[],"kind":"action::set"}
[12:16:50.799] Response has been sent.
[12:16:50.799] No new typings were requested as a result of typings discovery
