[09:13:50.352] Global cache location '/home/rishavmngo/.cache/typescript/4.7', safe file path '/usr/lib/node_modules/typescript/lib/typingSafeList.json', types map path /usr/lib/node_modules/typescript/lib/typesMap.json
[09:13:50.352] Processing cache location '/home/rishavmngo/.cache/typescript/4.7'
[09:13:50.352] Trying to find '/home/rishavmngo/.cache/typescript/4.7/package.json'...
[09:13:50.353] Loaded content of '/home/rishavmngo/.cache/typescript/4.7/package.json': {"private":true,"dependencies":{"types-registry":"^0.1.606"},"devDependencies":{"@types/aria-query":"^5.0.0","@types/node-fetch":"^2.6.2","@types/react":"^18.0.17","@types/react-dom":"^18.0.6","@types/react-router":"^5.1.18","@types/react-router-dom":"^5.3.3","@types/sass":"^1.43.1","@types/testing-library__jest-dom":"^5.14.5"}}
[09:13:50.353] Loaded content of '/home/rishavmngo/.cache/typescript/4.7/package-lock.json'
[09:13:50.365] Adding entry into typings cache: 'aria-query' => '/home/rishavmngo/.cache/typescript/4.7/node_modules/@types/aria-query/index.d.ts'
[09:13:50.368] Adding entry into typings cache: 'node-fetch' => '/home/rishavmngo/.cache/typescript/4.7/node_modules/@types/node-fetch/index.d.ts'
[09:13:50.371] Adding entry into typings cache: 'react' => '/home/rishavmngo/.cache/typescript/4.7/node_modules/@types/react/index.d.ts'
[09:13:50.373] Adding entry into typings cache: 'react-dom' => '/home/rishavmngo/.cache/typescript/4.7/node_modules/@types/react-dom/index.d.ts'
[09:13:50.377] Adding entry into typings cache: 'react-router' => '/home/rishavmngo/.cache/typescript/4.7/node_modules/@types/react-router/index.d.ts'
[09:13:50.379] Adding entry into typings cache: 'react-router-dom' => '/home/rishavmngo/.cache/typescript/4.7/node_modules/@types/react-router-dom/index.d.ts'
[09:13:50.380] Adding entry into typings cache: 'sass' => '/home/rishavmngo/.cache/typescript/4.7/node_modules/@types/sass/index.d.ts'
[09:13:50.382] Adding entry into typings cache: 'testing-library__jest-dom' => '/home/rishavmngo/.cache/typescript/4.7/node_modules/@types/testing-library__jest-dom/index.d.ts'
[09:13:50.382] Finished processing cache location '/home/rishavmngo/.cache/typescript/4.7'
[09:13:50.382] Process id: 10651
[09:13:50.382] NPM location: /usr/bin/npm (explicit '--npmLocation' not  provided)
[09:13:50.382] validateDefaultNpmLocation: false
[09:13:50.383] Npm config file: /home/rishavmngo/.cache/typescript/4.7/package.json
[09:13:50.383] Updating types-registry npm package...
[09:13:50.383] Exec: /usr/bin/npm install --ignore-scripts types-registry@latest
[09:13:51.943]     Succeeded. stdout:
    
    up to date, audited 38 packages in 1s

3 packages are looking for funding
  run `npm fund` for details

found 0 vulnerabilities

[09:13:51.943] Updated types-registry npm package
[09:13:53.476] Got install request {"projectName":"/dev/null/inferredProject1*","fileNames":["/usr/lib/node_modules/typescript/lib/lib.es5.d.ts","/usr/lib/node_modules/typescript/lib/lib.es2015.d.ts","/usr/lib/node_modules/typescript/lib/lib.es2016.d.ts","/usr/lib/node_modules/typescript/lib/lib.dom.d.ts","/usr/lib/node_modules/typescript/lib/lib.dom.iterable.d.ts","/usr/lib/node_modules/typescript/lib/lib.webworker.importscripts.d.ts","/usr/lib/node_modules/typescript/lib/lib.scripthost.d.ts","/usr/lib/node_modules/typescript/lib/lib.es2015.core.d.ts","/usr/lib/node_modules/typescript/lib/lib.es2015.collection.d.ts","/usr/lib/node_modules/typescript/lib/lib.es2015.generator.d.ts","/usr/lib/node_modules/typescript/lib/lib.es2015.iterable.d.ts","/usr/lib/node_modules/typescript/lib/lib.es2015.promise.d.ts","/usr/lib/node_modules/typescript/lib/lib.es2015.proxy.d.ts","/usr/lib/node_modules/typescript/lib/lib.es2015.reflect.d.ts","/usr/lib/node_modules/typescript/lib/lib.es2015.symbol.d.ts","/usr/lib/node_modules/typescript/lib/lib.es2015.symbol.wellknown.d.ts","/usr/lib/node_modules/typescript/lib/lib.es2016.array.include.d.ts","/usr/lib/node_modules/typescript/lib/lib.es2016.full.d.ts","/home/rishavmngo/Documents/My_work/web_dev/react-projects/crwn-clothing/src/utils/firebase/firebase.utils.jsx","/home/rishavmngo/Documents/My_work/web_dev/react-projects/crwn-clothing/src/contexts/user.context.jsx","/home/rishavmngo/Documents/My_work/web_dev/react-projects/crwn-clothing/src/routes/navigation/navigation.component.jsx"],"compilerOptions":{"module":1,"target":3,"jsx":1,"allowJs":true,"allowSyntheticDefaultImports":true,"allowNonTsExtensions":true,"noEmitForJsFiles":true,"maxNodeModuleJsDepth":2},"typeAcquisition":{"enable":true,"include":[],"exclude":[]},"unresolvedImports":[],"projectRootPath":"/home/rishavmngo/Documents/My_work/web_dev/react-projects/crwn-clothing/src/routes/navigation","kind":"discover"}
[09:13:53.496] Loaded safelist from types map file '/usr/lib/node_modules/typescript/lib/typesMap.json'
[09:13:53.497] Explicitly included types: []
[09:13:53.498] Inferred 'react' typings due to presence of '.jsx' extension
[09:13:53.498] Inferred typings from unresolved imports: []
[09:13:53.498] Result: {"cachedTypingPaths":["/home/rishavmngo/.cache/typescript/4.7/node_modules/@types/react/index.d.ts"],"newTypingNames":[],"filesToWatch":["/home/rishavmngo/Documents/My_work/web_dev/react-projects/crwn-clothing/src/utils/firebase/bower_components","/home/rishavmngo/Documents/My_work/web_dev/react-projects/crwn-clothing/src/utils/firebase/node_modules","/home/rishavmngo/Documents/My_work/web_dev/react-projects/crwn-clothing/src/contexts/bower_components","/home/rishavmngo/Documents/My_work/web_dev/react-projects/crwn-clothing/src/contexts/node_modules","/home/rishavmngo/Documents/My_work/web_dev/react-projects/crwn-clothing/src/routes/navigation/bower_components","/home/rishavmngo/Documents/My_work/web_dev/react-projects/crwn-clothing/src/routes/navigation/node_modules"]}
[09:13:53.498] Finished typings discovery: {"cachedTypingPaths":["/home/rishavmngo/.cache/typescript/4.7/node_modules/@types/react/index.d.ts"],"newTypingNames":[],"filesToWatch":["/home/rishavmngo/Documents/My_work/web_dev/react-projects/crwn-clothing/src/utils/firebase/bower_components","/home/rishavmngo/Documents/My_work/web_dev/react-projects/crwn-clothing/src/utils/firebase/node_modules","/home/rishavmngo/Documents/My_work/web_dev/react-projects/crwn-clothing/src/contexts/bower_components","/home/rishavmngo/Documents/My_work/web_dev/react-projects/crwn-clothing/src/contexts/node_modules","/home/rishavmngo/Documents/My_work/web_dev/react-projects/crwn-clothing/src/routes/navigation/bower_components","/home/rishavmngo/Documents/My_work/web_dev/react-projects/crwn-clothing/src/routes/navigation/node_modules"]}
[09:13:53.499] DirectoryWatcher:: Added:: WatchInfo: /home/rishavmngo/Documents/My_work/web_dev/react-projects/crwn-clothing/src/utils/firebase/bower_components
[09:13:53.499] DirectoryWatcher:: Added:: WatchInfo: /home/rishavmngo/Documents/My_work/web_dev/react-projects/crwn-clothing/src/utils/firebase/bower_components 1 undefined Project: /dev/null/inferredProject1* watcher already invoked: false
[09:13:53.501] Elapsed:: 1.8308889996260405ms DirectoryWatcher:: Added:: WatchInfo: /home/rishavmngo/Documents/My_work/web_dev/react-projects/crwn-clothing/src/utils/firebase/bower_components 1 undefined Project: /dev/null/inferredProject1* watcher already invoked: false
[09:13:53.501] DirectoryWatcher:: Added:: WatchInfo: /home/rishavmngo/Documents/My_work/web_dev/react-projects/crwn-clothing/src/utils/firebase/node_modules
[09:13:53.501] DirectoryWatcher:: Added:: WatchInfo: /home/rishavmngo/Documents/My_work/web_dev/react-projects/crwn-clothing/src/utils/firebase/node_modules 1 undefined Project: /dev/null/inferredProject1* watcher already invoked: false
[09:13:53.501] Elapsed:: 0.14287899993360043ms DirectoryWatcher:: Added:: WatchInfo: /home/rishavmngo/Documents/My_work/web_dev/react-projects/crwn-clothing/src/utils/firebase/node_modules 1 undefined Project: /dev/null/inferredProject1* watcher already invoked: false
[09:13:53.502] DirectoryWatcher:: Added:: WatchInfo: /home/rishavmngo/Documents/My_work/web_dev/react-projects/crwn-clothing/src/contexts/bower_components
[09:13:53.502] DirectoryWatcher:: Added:: WatchInfo: /home/rishavmngo/Documents/My_work/web_dev/react-projects/crwn-clothing/src/contexts/bower_components 1 undefined Project: /dev/null/inferredProject1* watcher already invoked: false
[09:13:53.502] Elapsed:: 0.09258399996906519ms DirectoryWatcher:: Added:: WatchInfo: /home/rishavmngo/Documents/My_work/web_dev/react-projects/crwn-clothing/src/contexts/bower_components 1 undefined Project: /dev/null/inferredProject1* watcher already invoked: false
[09:13:53.502] DirectoryWatcher:: Added:: WatchInfo: /home/rishavmngo/Documents/My_work/web_dev/react-projects/crwn-clothing/src/contexts/node_modules
[09:13:53.502] DirectoryWatcher:: Added:: WatchInfo: /home/rishavmngo/Documents/My_work/web_dev/react-projects/crwn-clothing/src/contexts/node_modules 1 undefined Project: /dev/null/inferredProject1* watcher already invoked: false
[09:13:53.502] Elapsed:: 0.10779399983584881ms DirectoryWatcher:: Added:: WatchInfo: /home/rishavmngo/Documents/My_work/web_dev/react-projects/crwn-clothing/src/contexts/node_modules 1 undefined Project: /dev/null/inferredProject1* watcher already invoked: false
[09:13:53.502] DirectoryWatcher:: Added:: WatchInfo: /home/rishavmngo/Documents/My_work/web_dev/react-projects/crwn-clothing/src/routes/navigation/bower_components
[09:13:53.502] DirectoryWatcher:: Added:: WatchInfo: /home/rishavmngo/Documents/My_work/web_dev/react-projects/crwn-clothing/src/routes/navigation/bower_components 1 undefined Project: /dev/null/inferredProject1* watcher already invoked: false
[09:13:53.502] Elapsed:: 0.11121999938040972ms DirectoryWatcher:: Added:: WatchInfo: /home/rishavmngo/Documents/My_work/web_dev/react-projects/crwn-clothing/src/routes/navigation/bower_components 1 undefined Project: /dev/null/inferredProject1* watcher already invoked: false
[09:13:53.503] DirectoryWatcher:: Added:: WatchInfo: /home/rishavmngo/Documents/My_work/web_dev/react-projects/crwn-clothing/src/routes/navigation/node_modules
[09:13:53.503] DirectoryWatcher:: Added:: WatchInfo: /home/rishavmngo/Documents/My_work/web_dev/react-projects/crwn-clothing/src/routes/navigation/node_modules 1 undefined Project: /dev/null/inferredProject1* watcher already invoked: false
[09:13:53.503] Elapsed:: 0.11518799979239702ms DirectoryWatcher:: Added:: WatchInfo: /home/rishavmngo/Documents/My_work/web_dev/react-projects/crwn-clothing/src/routes/navigation/node_modules 1 undefined Project: /dev/null/inferredProject1* watcher already invoked: false
[09:13:53.503] Sending response:
    {"projectName":"/dev/null/inferredProject1*","typeAcquisition":{"enable":true,"include":[],"exclude":[]},"compilerOptions":{"module":1,"target":3,"jsx":1,"allowJs":true,"allowSyntheticDefaultImports":true,"allowNonTsExtensions":true,"noEmitForJsFiles":true,"maxNodeModuleJsDepth":2},"typings":["/home/rishavmngo/.cache/typescript/4.7/node_modules/@types/react/index.d.ts"],"unresolvedImports":[],"kind":"action::set"}
[09:13:53.503] Response has been sent.
[09:13:53.503] No new typings were requested as a result of typings discovery
[09:13:54.162] Got install request {"projectName":"/dev/null/inferredProject1*","fileNames":["/usr/lib/node_modules/typescript/lib/lib.es5.d.ts","/usr/lib/node_modules/typescript/lib/lib.es2015.d.ts","/usr/lib/node_modules/typescript/lib/lib.es2016.d.ts","/usr/lib/node_modules/typescript/lib/lib.dom.d.ts","/usr/lib/node_modules/typescript/lib/lib.dom.iterable.d.ts","/usr/lib/node_modules/typescript/lib/lib.webworker.importscripts.d.ts","/usr/lib/node_modules/typescript/lib/lib.scripthost.d.ts","/usr/lib/node_modules/typescript/lib/lib.es2015.core.d.ts","/usr/lib/node_modules/typescript/lib/lib.es2015.collection.d.ts","/usr/lib/node_modules/typescript/lib/lib.es2015.generator.d.ts","/usr/lib/node_modules/typescript/lib/lib.es2015.iterable.d.ts","/usr/lib/node_modules/typescript/lib/lib.es2015.promise.d.ts","/usr/lib/node_modules/typescript/lib/lib.es2015.proxy.d.ts","/usr/lib/node_modules/typescript/lib/lib.es2015.reflect.d.ts","/usr/lib/node_modules/typescript/lib/lib.es2015.symbol.d.ts","/usr/lib/node_modules/typescript/lib/lib.es2015.symbol.wellknown.d.ts","/usr/lib/node_modules/typescript/lib/lib.es2016.array.include.d.ts","/usr/lib/node_modules/typescript/lib/lib.es2016.full.d.ts","/home/rishavmngo/Documents/My_work/web_dev/react-projects/crwn-clothing/src/utils/firebase/firebase.utils.jsx","/home/rishavmngo/Documents/My_work/web_dev/react-projects/crwn-clothing/src/contexts/user.context.jsx","/home/rishavmngo/Documents/My_work/web_dev/react-projects/crwn-clothing/src/routes/navigation/navigation.component.jsx","/home/rishavmngo/.cache/typescript/4.7/node_modules/@types/react/global.d.ts","/home/rishavmngo/.cache/typescript/4.7/node_modules/@types/react/index.d.ts"],"compilerOptions":{"module":1,"target":3,"jsx":1,"allowJs":true,"allowSyntheticDefaultImports":true,"allowNonTsExtensions":true,"noEmitForJsFiles":true,"maxNodeModuleJsDepth":2},"typeAcquisition":{"enable":true,"include":[],"exclude":[]},"unresolvedImports":[],"projectRootPath":"/home/rishavmngo/Documents/My_work/web_dev/react-projects/crwn-clothing/src/routes/navigation","kind":"discover"}
[09:13:54.162] Explicitly included types: []
[09:13:54.162] Inferred 'react' typings due to presence of '.jsx' extension
[09:13:54.162] Inferred typings from unresolved imports: []
[09:13:54.162] Result: {"cachedTypingPaths":["/home/rishavmngo/.cache/typescript/4.7/node_modules/@types/react/index.d.ts"],"newTypingNames":[],"filesToWatch":["/home/rishavmngo/Documents/My_work/web_dev/react-projects/crwn-clothing/src/utils/firebase/bower_components","/home/rishavmngo/Documents/My_work/web_dev/react-projects/crwn-clothing/src/utils/firebase/node_modules","/home/rishavmngo/Documents/My_work/web_dev/react-projects/crwn-clothing/src/contexts/bower_components","/home/rishavmngo/Documents/My_work/web_dev/react-projects/crwn-clothing/src/contexts/node_modules","/home/rishavmngo/Documents/My_work/web_dev/react-projects/crwn-clothing/src/routes/navigation/bower_components","/home/rishavmngo/Documents/My_work/web_dev/react-projects/crwn-clothing/src/routes/navigation/node_modules"]}
[09:13:54.162] Finished typings discovery: {"cachedTypingPaths":["/home/rishavmngo/.cache/typescript/4.7/node_modules/@types/react/index.d.ts"],"newTypingNames":[],"filesToWatch":["/home/rishavmngo/Documents/My_work/web_dev/react-projects/crwn-clothing/src/utils/firebase/bower_components","/home/rishavmngo/Documents/My_work/web_dev/react-projects/crwn-clothing/src/utils/firebase/node_modules","/home/rishavmngo/Documents/My_work/web_dev/react-projects/crwn-clothing/src/contexts/bower_components","/home/rishavmngo/Documents/My_work/web_dev/react-projects/crwn-clothing/src/contexts/node_modules","/home/rishavmngo/Documents/My_work/web_dev/react-projects/crwn-clothing/src/routes/navigation/bower_components","/home/rishavmngo/Documents/My_work/web_dev/react-projects/crwn-clothing/src/routes/navigation/node_modules"]}
[09:13:54.163] Sending response:
    {"projectName":"/dev/null/inferredProject1*","typeAcquisition":{"enable":true,"include":[],"exclude":[]},"compilerOptions":{"module":1,"target":3,"jsx":1,"allowJs":true,"allowSyntheticDefaultImports":true,"allowNonTsExtensions":true,"noEmitForJsFiles":true,"maxNodeModuleJsDepth":2},"typings":["/home/rishavmngo/.cache/typescript/4.7/node_modules/@types/react/index.d.ts"],"unresolvedImports":[],"kind":"action::set"}
[09:13:54.163] Response has been sent.
[09:13:54.163] No new typings were requested as a result of typings discovery
