[07:39:40.460] Global cache location '/home/rishavmngo/.cache/typescript/4.7', safe file path '/usr/lib/node_modules/typescript/lib/typingSafeList.json', types map path /usr/lib/node_modules/typescript/lib/typesMap.json
[07:39:40.461] Processing cache location '/home/rishavmngo/.cache/typescript/4.7'
[07:39:40.461] Trying to find '/home/rishavmngo/.cache/typescript/4.7/package.json'...
[07:39:40.463] Loaded content of '/home/rishavmngo/.cache/typescript/4.7/package.json': {"private":true,"dependencies":{"types-registry":"^0.1.608"},"devDependencies":{"@types/aria-query":"^5.0.0","@types/node-fetch":"^2.6.2","@types/react":"^18.0.18","@types/react-dom":"^18.0.6","@types/react-router":"^5.1.18","@types/react-router-dom":"^5.3.3","@types/sass":"^1.43.1","@types/testing-library__jest-dom":"^5.14.5"}}
[07:39:40.463] Loaded content of '/home/rishavmngo/.cache/typescript/4.7/package-lock.json'
[07:39:40.475] Adding entry into typings cache: 'aria-query' => '/home/rishavmngo/.cache/typescript/4.7/node_modules/@types/aria-query/index.d.ts'
[07:39:40.478] Adding entry into typings cache: 'node-fetch' => '/home/rishavmngo/.cache/typescript/4.7/node_modules/@types/node-fetch/index.d.ts'
[07:39:40.481] Adding entry into typings cache: 'react' => '/home/rishavmngo/.cache/typescript/4.7/node_modules/@types/react/index.d.ts'
[07:39:40.484] Adding entry into typings cache: 'react-dom' => '/home/rishavmngo/.cache/typescript/4.7/node_modules/@types/react-dom/index.d.ts'
[07:39:40.488] Adding entry into typings cache: 'react-router' => '/home/rishavmngo/.cache/typescript/4.7/node_modules/@types/react-router/index.d.ts'
[07:39:40.491] Adding entry into typings cache: 'react-router-dom' => '/home/rishavmngo/.cache/typescript/4.7/node_modules/@types/react-router-dom/index.d.ts'
[07:39:40.493] Adding entry into typings cache: 'sass' => '/home/rishavmngo/.cache/typescript/4.7/node_modules/@types/sass/index.d.ts'
[07:39:40.495] Adding entry into typings cache: 'testing-library__jest-dom' => '/home/rishavmngo/.cache/typescript/4.7/node_modules/@types/testing-library__jest-dom/index.d.ts'
[07:39:40.495] Finished processing cache location '/home/rishavmngo/.cache/typescript/4.7'
[07:39:40.495] Process id: 2230
[07:39:40.496] NPM location: /usr/bin/npm (explicit '--npmLocation' not  provided)
[07:39:40.496] validateDefaultNpmLocation: false
[07:39:40.496] Npm config file: /home/rishavmngo/.cache/typescript/4.7/package.json
[07:39:40.496] Updating types-registry npm package...
[07:39:40.496] Exec: /usr/bin/npm install --ignore-scripts types-registry@latest
[07:39:42.771]     Succeeded. stdout:
    
    up to date, audited 38 packages in 2s

3 packages are looking for funding
  run `npm fund` for details

found 0 vulnerabilities

[07:39:42.771] Updated types-registry npm package
[07:39:45.043] Got install request {"projectName":"/dev/null/inferredProject1*","fileNames":["/usr/lib/node_modules/typescript/lib/lib.es5.d.ts","/usr/lib/node_modules/typescript/lib/lib.es2015.d.ts","/usr/lib/node_modules/typescript/lib/lib.es2016.d.ts","/usr/lib/node_modules/typescript/lib/lib.dom.d.ts","/usr/lib/node_modules/typescript/lib/lib.dom.iterable.d.ts","/usr/lib/node_modules/typescript/lib/lib.webworker.importscripts.d.ts","/usr/lib/node_modules/typescript/lib/lib.scripthost.d.ts","/usr/lib/node_modules/typescript/lib/lib.es2015.core.d.ts","/usr/lib/node_modules/typescript/lib/lib.es2015.collection.d.ts","/usr/lib/node_modules/typescript/lib/lib.es2015.generator.d.ts","/usr/lib/node_modules/typescript/lib/lib.es2015.iterable.d.ts","/usr/lib/node_modules/typescript/lib/lib.es2015.promise.d.ts","/usr/lib/node_modules/typescript/lib/lib.es2015.proxy.d.ts","/usr/lib/node_modules/typescript/lib/lib.es2015.reflect.d.ts","/usr/lib/node_modules/typescript/lib/lib.es2015.symbol.d.ts","/usr/lib/node_modules/typescript/lib/lib.es2015.symbol.wellknown.d.ts","/usr/lib/node_modules/typescript/lib/lib.es2016.array.include.d.ts","/usr/lib/node_modules/typescript/lib/lib.es2016.full.d.ts","/home/rishavmngo/Documents/My_work/web_dev/react-projects/crwn-clothing/src/contexts/cart.context.jsx"],"compilerOptions":{"module":1,"target":3,"jsx":1,"allowJs":true,"allowSyntheticDefaultImports":true,"allowNonTsExtensions":true,"noEmitForJsFiles":true,"maxNodeModuleJsDepth":2},"typeAcquisition":{"enable":true,"include":[],"exclude":[]},"unresolvedImports":[],"projectRootPath":"/home/rishavmngo/Documents/My_work/web_dev/react-projects/crwn-clothing/src/contexts","kind":"discover"}
[07:39:45.082] Loaded safelist from types map file '/usr/lib/node_modules/typescript/lib/typesMap.json'
[07:39:45.084] Explicitly included types: []
[07:39:45.086] Inferred 'react' typings due to presence of '.jsx' extension
[07:39:45.086] Inferred typings from unresolved imports: []
[07:39:45.087] Result: {"cachedTypingPaths":["/home/rishavmngo/.cache/typescript/4.7/node_modules/@types/react/index.d.ts"],"newTypingNames":[],"filesToWatch":["/home/rishavmngo/Documents/My_work/web_dev/react-projects/crwn-clothing/src/contexts/bower_components","/home/rishavmngo/Documents/My_work/web_dev/react-projects/crwn-clothing/src/contexts/node_modules"]}
[07:39:45.088] Finished typings discovery: {"cachedTypingPaths":["/home/rishavmngo/.cache/typescript/4.7/node_modules/@types/react/index.d.ts"],"newTypingNames":[],"filesToWatch":["/home/rishavmngo/Documents/My_work/web_dev/react-projects/crwn-clothing/src/contexts/bower_components","/home/rishavmngo/Documents/My_work/web_dev/react-projects/crwn-clothing/src/contexts/node_modules"]}
[07:39:45.089] DirectoryWatcher:: Added:: WatchInfo: /home/rishavmngo/Documents/My_work/web_dev/react-projects/crwn-clothing/src/contexts/bower_components
[07:39:45.090] DirectoryWatcher:: Added:: WatchInfo: /home/rishavmngo/Documents/My_work/web_dev/react-projects/crwn-clothing/src/contexts/bower_components 1 undefined Project: /dev/null/inferredProject1* watcher already invoked: false
[07:39:45.093] Elapsed:: 3.0406619999557734ms DirectoryWatcher:: Added:: WatchInfo: /home/rishavmngo/Documents/My_work/web_dev/react-projects/crwn-clothing/src/contexts/bower_components 1 undefined Project: /dev/null/inferredProject1* watcher already invoked: false
[07:39:45.093] DirectoryWatcher:: Added:: WatchInfo: /home/rishavmngo/Documents/My_work/web_dev/react-projects/crwn-clothing/src/contexts/node_modules
[07:39:45.094] DirectoryWatcher:: Added:: WatchInfo: /home/rishavmngo/Documents/My_work/web_dev/react-projects/crwn-clothing/src/contexts/node_modules 1 undefined Project: /dev/null/inferredProject1* watcher already invoked: false
[07:39:45.094] Elapsed:: 0.24250699998810887ms DirectoryWatcher:: Added:: WatchInfo: /home/rishavmngo/Documents/My_work/web_dev/react-projects/crwn-clothing/src/contexts/node_modules 1 undefined Project: /dev/null/inferredProject1* watcher already invoked: false
[07:39:45.094] Sending response:
    {"projectName":"/dev/null/inferredProject1*","typeAcquisition":{"enable":true,"include":[],"exclude":[]},"compilerOptions":{"module":1,"target":3,"jsx":1,"allowJs":true,"allowSyntheticDefaultImports":true,"allowNonTsExtensions":true,"noEmitForJsFiles":true,"maxNodeModuleJsDepth":2},"typings":["/home/rishavmngo/.cache/typescript/4.7/node_modules/@types/react/index.d.ts"],"unresolvedImports":[],"kind":"action::set"}
[07:39:45.095] Response has been sent.
[07:39:45.095] No new typings were requested as a result of typings discovery
[07:39:45.738] Got install request {"projectName":"/dev/null/inferredProject1*","fileNames":["/usr/lib/node_modules/typescript/lib/lib.es5.d.ts","/usr/lib/node_modules/typescript/lib/lib.es2015.d.ts","/usr/lib/node_modules/typescript/lib/lib.es2016.d.ts","/usr/lib/node_modules/typescript/lib/lib.dom.d.ts","/usr/lib/node_modules/typescript/lib/lib.dom.iterable.d.ts","/usr/lib/node_modules/typescript/lib/lib.webworker.importscripts.d.ts","/usr/lib/node_modules/typescript/lib/lib.scripthost.d.ts","/usr/lib/node_modules/typescript/lib/lib.es2015.core.d.ts","/usr/lib/node_modules/typescript/lib/lib.es2015.collection.d.ts","/usr/lib/node_modules/typescript/lib/lib.es2015.generator.d.ts","/usr/lib/node_modules/typescript/lib/lib.es2015.iterable.d.ts","/usr/lib/node_modules/typescript/lib/lib.es2015.promise.d.ts","/usr/lib/node_modules/typescript/lib/lib.es2015.proxy.d.ts","/usr/lib/node_modules/typescript/lib/lib.es2015.reflect.d.ts","/usr/lib/node_modules/typescript/lib/lib.es2015.symbol.d.ts","/usr/lib/node_modules/typescript/lib/lib.es2015.symbol.wellknown.d.ts","/usr/lib/node_modules/typescript/lib/lib.es2016.array.include.d.ts","/usr/lib/node_modules/typescript/lib/lib.es2016.full.d.ts","/home/rishavmngo/Documents/My_work/web_dev/react-projects/crwn-clothing/src/contexts/cart.context.jsx","/home/rishavmngo/.cache/typescript/4.7/node_modules/@types/react/global.d.ts","/home/rishavmngo/.cache/typescript/4.7/node_modules/@types/react/index.d.ts"],"compilerOptions":{"module":1,"target":3,"jsx":1,"allowJs":true,"allowSyntheticDefaultImports":true,"allowNonTsExtensions":true,"noEmitForJsFiles":true,"maxNodeModuleJsDepth":2},"typeAcquisition":{"enable":true,"include":[],"exclude":[]},"unresolvedImports":[],"projectRootPath":"/home/rishavmngo/Documents/My_work/web_dev/react-projects/crwn-clothing/src/contexts","kind":"discover"}
[07:39:45.738] Explicitly included types: []
[07:39:45.738] Inferred 'react' typings due to presence of '.jsx' extension
[07:39:45.738] Inferred typings from unresolved imports: []
[07:39:45.738] Result: {"cachedTypingPaths":["/home/rishavmngo/.cache/typescript/4.7/node_modules/@types/react/index.d.ts"],"newTypingNames":[],"filesToWatch":["/home/rishavmngo/Documents/My_work/web_dev/react-projects/crwn-clothing/src/contexts/bower_components","/home/rishavmngo/Documents/My_work/web_dev/react-projects/crwn-clothing/src/contexts/node_modules"]}
[07:39:45.738] Finished typings discovery: {"cachedTypingPaths":["/home/rishavmngo/.cache/typescript/4.7/node_modules/@types/react/index.d.ts"],"newTypingNames":[],"filesToWatch":["/home/rishavmngo/Documents/My_work/web_dev/react-projects/crwn-clothing/src/contexts/bower_components","/home/rishavmngo/Documents/My_work/web_dev/react-projects/crwn-clothing/src/contexts/node_modules"]}
[07:39:45.739] Sending response:
    {"projectName":"/dev/null/inferredProject1*","typeAcquisition":{"enable":true,"include":[],"exclude":[]},"compilerOptions":{"module":1,"target":3,"jsx":1,"allowJs":true,"allowSyntheticDefaultImports":true,"allowNonTsExtensions":true,"noEmitForJsFiles":true,"maxNodeModuleJsDepth":2},"typings":["/home/rishavmngo/.cache/typescript/4.7/node_modules/@types/react/index.d.ts"],"unresolvedImports":[],"kind":"action::set"}
[07:39:45.739] Response has been sent.
[07:39:45.739] No new typings were requested as a result of typings discovery
[07:52:53.296] Got install request {"projectName":"/dev/null/inferredProject2*","fileNames":["/usr/lib/node_modules/typescript/lib/lib.es5.d.ts","/usr/lib/node_modules/typescript/lib/lib.es2015.d.ts","/usr/lib/node_modules/typescript/lib/lib.es2016.d.ts","/usr/lib/node_modules/typescript/lib/lib.dom.d.ts","/usr/lib/node_modules/typescript/lib/lib.dom.iterable.d.ts","/usr/lib/node_modules/typescript/lib/lib.webworker.importscripts.d.ts","/usr/lib/node_modules/typescript/lib/lib.scripthost.d.ts","/usr/lib/node_modules/typescript/lib/lib.es2015.core.d.ts","/usr/lib/node_modules/typescript/lib/lib.es2015.collection.d.ts","/usr/lib/node_modules/typescript/lib/lib.es2015.generator.d.ts","/usr/lib/node_modules/typescript/lib/lib.es2015.iterable.d.ts","/usr/lib/node_modules/typescript/lib/lib.es2015.promise.d.ts","/usr/lib/node_modules/typescript/lib/lib.es2015.proxy.d.ts","/usr/lib/node_modules/typescript/lib/lib.es2015.reflect.d.ts","/usr/lib/node_modules/typescript/lib/lib.es2015.symbol.d.ts","/usr/lib/node_modules/typescript/lib/lib.es2015.symbol.wellknown.d.ts","/usr/lib/node_modules/typescript/lib/lib.es2016.array.include.d.ts","/usr/lib/node_modules/typescript/lib/lib.es2016.full.d.ts","/home/rishavmngo/Documents/My_work/web_dev/react-projects/crwn-clothing/src/contexts/cart.context.jsx","/home/rishavmngo/Documents/My_work/web_dev/react-projects/crwn-clothing/src/routes/checkout/checkout.component.jsx"],"compilerOptions":{"module":1,"target":3,"jsx":1,"allowJs":true,"allowSyntheticDefaultImports":true,"allowNonTsExtensions":true,"noEmitForJsFiles":true,"maxNodeModuleJsDepth":2},"typeAcquisition":{"enable":true,"include":[],"exclude":[]},"unresolvedImports":[],"projectRootPath":"/home/rishavmngo/Documents/My_work/web_dev/react-projects/crwn-clothing/src/routes/checkout","kind":"discover"}
[07:52:53.296] Explicitly included types: []
[07:52:53.297] Inferred 'react' typings due to presence of '.jsx' extension
[07:52:53.297] Inferred typings from unresolved imports: []
[07:52:53.297] Result: {"cachedTypingPaths":["/home/rishavmngo/.cache/typescript/4.7/node_modules/@types/react/index.d.ts"],"newTypingNames":[],"filesToWatch":["/home/rishavmngo/Documents/My_work/web_dev/react-projects/crwn-clothing/src/contexts/bower_components","/home/rishavmngo/Documents/My_work/web_dev/react-projects/crwn-clothing/src/contexts/node_modules","/home/rishavmngo/Documents/My_work/web_dev/react-projects/crwn-clothing/src/routes/checkout/bower_components","/home/rishavmngo/Documents/My_work/web_dev/react-projects/crwn-clothing/src/routes/checkout/node_modules"]}
[07:52:53.297] Finished typings discovery: {"cachedTypingPaths":["/home/rishavmngo/.cache/typescript/4.7/node_modules/@types/react/index.d.ts"],"newTypingNames":[],"filesToWatch":["/home/rishavmngo/Documents/My_work/web_dev/react-projects/crwn-clothing/src/contexts/bower_components","/home/rishavmngo/Documents/My_work/web_dev/react-projects/crwn-clothing/src/contexts/node_modules","/home/rishavmngo/Documents/My_work/web_dev/react-projects/crwn-clothing/src/routes/checkout/bower_components","/home/rishavmngo/Documents/My_work/web_dev/react-projects/crwn-clothing/src/routes/checkout/node_modules"]}
[07:52:53.297] DirectoryWatcher:: Added:: WatchInfo: /home/rishavmngo/Documents/My_work/web_dev/react-projects/crwn-clothing/src/contexts/bower_components
[07:52:53.298] DirectoryWatcher:: Added:: WatchInfo: /home/rishavmngo/Documents/My_work/web_dev/react-projects/crwn-clothing/src/contexts/bower_components 1 undefined Project: /dev/null/inferredProject2* watcher already invoked: false
[07:52:53.298] Elapsed:: 0.049273000098764896ms DirectoryWatcher:: Added:: WatchInfo: /home/rishavmngo/Documents/My_work/web_dev/react-projects/crwn-clothing/src/contexts/bower_components 1 undefined Project: /dev/null/inferredProject2* watcher already invoked: false
[07:52:53.298] DirectoryWatcher:: Added:: WatchInfo: /home/rishavmngo/Documents/My_work/web_dev/react-projects/crwn-clothing/src/contexts/node_modules
[07:52:53.298] DirectoryWatcher:: Added:: WatchInfo: /home/rishavmngo/Documents/My_work/web_dev/react-projects/crwn-clothing/src/contexts/node_modules 1 undefined Project: /dev/null/inferredProject2* watcher already invoked: false
[07:52:53.298] Elapsed:: 0.025307999923825264ms DirectoryWatcher:: Added:: WatchInfo: /home/rishavmngo/Documents/My_work/web_dev/react-projects/crwn-clothing/src/contexts/node_modules 1 undefined Project: /dev/null/inferredProject2* watcher already invoked: false
[07:52:53.298] DirectoryWatcher:: Added:: WatchInfo: /home/rishavmngo/Documents/My_work/web_dev/react-projects/crwn-clothing/src/routes/checkout/bower_components
[07:52:53.298] DirectoryWatcher:: Added:: WatchInfo: /home/rishavmngo/Documents/My_work/web_dev/react-projects/crwn-clothing/src/routes/checkout/bower_components 1 undefined Project: /dev/null/inferredProject2* watcher already invoked: false
[07:52:53.299] Elapsed:: 0.3244619998149574ms DirectoryWatcher:: Added:: WatchInfo: /home/rishavmngo/Documents/My_work/web_dev/react-projects/crwn-clothing/src/routes/checkout/bower_components 1 undefined Project: /dev/null/inferredProject2* watcher already invoked: false
[07:52:53.299] DirectoryWatcher:: Added:: WatchInfo: /home/rishavmngo/Documents/My_work/web_dev/react-projects/crwn-clothing/src/routes/checkout/node_modules
[07:52:53.299] DirectoryWatcher:: Added:: WatchInfo: /home/rishavmngo/Documents/My_work/web_dev/react-projects/crwn-clothing/src/routes/checkout/node_modules 1 undefined Project: /dev/null/inferredProject2* watcher already invoked: false
[07:52:53.299] Elapsed:: 0.2134229999501258ms DirectoryWatcher:: Added:: WatchInfo: /home/rishavmngo/Documents/My_work/web_dev/react-projects/crwn-clothing/src/routes/checkout/node_modules 1 undefined Project: /dev/null/inferredProject2* watcher already invoked: false
[07:52:53.300] Sending response:
    {"projectName":"/dev/null/inferredProject2*","typeAcquisition":{"enable":true,"include":[],"exclude":[]},"compilerOptions":{"module":1,"target":3,"jsx":1,"allowJs":true,"allowSyntheticDefaultImports":true,"allowNonTsExtensions":true,"noEmitForJsFiles":true,"maxNodeModuleJsDepth":2},"typings":["/home/rishavmngo/.cache/typescript/4.7/node_modules/@types/react/index.d.ts"],"unresolvedImports":[],"kind":"action::set"}
[07:52:53.300] Response has been sent.
[07:52:53.300] No new typings were requested as a result of typings discovery
[07:52:53.717] Got install request {"projectName":"/dev/null/inferredProject2*","fileNames":["/usr/lib/node_modules/typescript/lib/lib.es5.d.ts","/usr/lib/node_modules/typescript/lib/lib.es2015.d.ts","/usr/lib/node_modules/typescript/lib/lib.es2016.d.ts","/usr/lib/node_modules/typescript/lib/lib.dom.d.ts","/usr/lib/node_modules/typescript/lib/lib.dom.iterable.d.ts","/usr/lib/node_modules/typescript/lib/lib.webworker.importscripts.d.ts","/usr/lib/node_modules/typescript/lib/lib.scripthost.d.ts","/usr/lib/node_modules/typescript/lib/lib.es2015.core.d.ts","/usr/lib/node_modules/typescript/lib/lib.es2015.collection.d.ts","/usr/lib/node_modules/typescript/lib/lib.es2015.generator.d.ts","/usr/lib/node_modules/typescript/lib/lib.es2015.iterable.d.ts","/usr/lib/node_modules/typescript/lib/lib.es2015.promise.d.ts","/usr/lib/node_modules/typescript/lib/lib.es2015.proxy.d.ts","/usr/lib/node_modules/typescript/lib/lib.es2015.reflect.d.ts","/usr/lib/node_modules/typescript/lib/lib.es2015.symbol.d.ts","/usr/lib/node_modules/typescript/lib/lib.es2015.symbol.wellknown.d.ts","/usr/lib/node_modules/typescript/lib/lib.es2016.array.include.d.ts","/usr/lib/node_modules/typescript/lib/lib.es2016.full.d.ts","/home/rishavmngo/Documents/My_work/web_dev/react-projects/crwn-clothing/src/contexts/cart.context.jsx","/home/rishavmngo/Documents/My_work/web_dev/react-projects/crwn-clothing/src/routes/checkout/checkout.component.jsx","/home/rishavmngo/.cache/typescript/4.7/node_modules/@types/react/global.d.ts","/home/rishavmngo/.cache/typescript/4.7/node_modules/@types/react/index.d.ts"],"compilerOptions":{"module":1,"target":3,"jsx":1,"allowJs":true,"allowSyntheticDefaultImports":true,"allowNonTsExtensions":true,"noEmitForJsFiles":true,"maxNodeModuleJsDepth":2},"typeAcquisition":{"enable":true,"include":[],"exclude":[]},"unresolvedImports":[],"projectRootPath":"/home/rishavmngo/Documents/My_work/web_dev/react-projects/crwn-clothing/src/routes/checkout","kind":"discover"}
[07:52:53.718] Explicitly included types: []
[07:52:53.718] Inferred 'react' typings due to presence of '.jsx' extension
[07:52:53.718] Inferred typings from unresolved imports: []
[07:52:53.718] Result: {"cachedTypingPaths":["/home/rishavmngo/.cache/typescript/4.7/node_modules/@types/react/index.d.ts"],"newTypingNames":[],"filesToWatch":["/home/rishavmngo/Documents/My_work/web_dev/react-projects/crwn-clothing/src/contexts/bower_components","/home/rishavmngo/Documents/My_work/web_dev/react-projects/crwn-clothing/src/contexts/node_modules","/home/rishavmngo/Documents/My_work/web_dev/react-projects/crwn-clothing/src/routes/checkout/bower_components","/home/rishavmngo/Documents/My_work/web_dev/react-projects/crwn-clothing/src/routes/checkout/node_modules"]}
[07:52:53.718] Finished typings discovery: {"cachedTypingPaths":["/home/rishavmngo/.cache/typescript/4.7/node_modules/@types/react/index.d.ts"],"newTypingNames":[],"filesToWatch":["/home/rishavmngo/Documents/My_work/web_dev/react-projects/crwn-clothing/src/contexts/bower_components","/home/rishavmngo/Documents/My_work/web_dev/react-projects/crwn-clothing/src/contexts/node_modules","/home/rishavmngo/Documents/My_work/web_dev/react-projects/crwn-clothing/src/routes/checkout/bower_components","/home/rishavmngo/Documents/My_work/web_dev/react-projects/crwn-clothing/src/routes/checkout/node_modules"]}
[07:52:53.719] Sending response:
    {"projectName":"/dev/null/inferredProject2*","typeAcquisition":{"enable":true,"include":[],"exclude":[]},"compilerOptions":{"module":1,"target":3,"jsx":1,"allowJs":true,"allowSyntheticDefaultImports":true,"allowNonTsExtensions":true,"noEmitForJsFiles":true,"maxNodeModuleJsDepth":2},"typings":["/home/rishavmngo/.cache/typescript/4.7/node_modules/@types/react/index.d.ts"],"unresolvedImports":[],"kind":"action::set"}
[07:52:53.719] Response has been sent.
[07:52:53.719] No new typings were requested as a result of typings discovery
