[20:45:00.546] Global cache location '/home/rishavmngo/.cache/typescript/4.7', safe file path '/usr/lib/node_modules/typescript/lib/typingSafeList.json', types map path /usr/lib/node_modules/typescript/lib/typesMap.json
[20:45:00.547] Processing cache location '/home/rishavmngo/.cache/typescript/4.7'
[20:45:00.547] Trying to find '/home/rishavmngo/.cache/typescript/4.7/package.json'...
[20:45:00.548] Loaded content of '/home/rishavmngo/.cache/typescript/4.7/package.json': {"private":true,"dependencies":{"types-registry":"^0.1.608"},"devDependencies":{"@types/aria-query":"^5.0.0","@types/node-fetch":"^2.6.2","@types/react":"^18.0.18","@types/react-dom":"^18.0.6","@types/react-router":"^5.1.18","@types/react-router-dom":"^5.3.3","@types/sass":"^1.43.1","@types/testing-library__jest-dom":"^5.14.5"}}
[20:45:00.548] Loaded content of '/home/rishavmngo/.cache/typescript/4.7/package-lock.json'
[20:45:00.560] Adding entry into typings cache: 'aria-query' => '/home/rishavmngo/.cache/typescript/4.7/node_modules/@types/aria-query/index.d.ts'
[20:45:00.563] Adding entry into typings cache: 'node-fetch' => '/home/rishavmngo/.cache/typescript/4.7/node_modules/@types/node-fetch/index.d.ts'
[20:45:00.567] Adding entry into typings cache: 'react' => '/home/rishavmngo/.cache/typescript/4.7/node_modules/@types/react/index.d.ts'
[20:45:00.569] Adding entry into typings cache: 'react-dom' => '/home/rishavmngo/.cache/typescript/4.7/node_modules/@types/react-dom/index.d.ts'
[20:45:00.573] Adding entry into typings cache: 'react-router' => '/home/rishavmngo/.cache/typescript/4.7/node_modules/@types/react-router/index.d.ts'
[20:45:00.576] Adding entry into typings cache: 'react-router-dom' => '/home/rishavmngo/.cache/typescript/4.7/node_modules/@types/react-router-dom/index.d.ts'
[20:45:00.577] Adding entry into typings cache: 'sass' => '/home/rishavmngo/.cache/typescript/4.7/node_modules/@types/sass/index.d.ts'
[20:45:00.579] Adding entry into typings cache: 'testing-library__jest-dom' => '/home/rishavmngo/.cache/typescript/4.7/node_modules/@types/testing-library__jest-dom/index.d.ts'
[20:45:00.579] Finished processing cache location '/home/rishavmngo/.cache/typescript/4.7'
[20:45:00.579] Process id: 8241
[20:45:00.579] NPM location: /usr/bin/npm (explicit '--npmLocation' not  provided)
[20:45:00.580] validateDefaultNpmLocation: false
[20:45:00.580] Npm config file: /home/rishavmngo/.cache/typescript/4.7/package.json
[20:45:00.580] Updating types-registry npm package...
[20:45:00.580] Exec: /usr/bin/npm install --ignore-scripts types-registry@latest
[20:45:01.889]     Succeeded. stdout:
    
    up to date, audited 38 packages in 871ms

3 packages are looking for funding
  run `npm fund` for details

found 0 vulnerabilities

[20:45:01.889] Updated types-registry npm package
[20:45:04.797] Got install request {"projectName":"/dev/null/inferredProject1*","fileNames":["/usr/lib/node_modules/typescript/lib/lib.es5.d.ts","/usr/lib/node_modules/typescript/lib/lib.es2015.d.ts","/usr/lib/node_modules/typescript/lib/lib.es2016.d.ts","/usr/lib/node_modules/typescript/lib/lib.dom.d.ts","/usr/lib/node_modules/typescript/lib/lib.dom.iterable.d.ts","/usr/lib/node_modules/typescript/lib/lib.webworker.importscripts.d.ts","/usr/lib/node_modules/typescript/lib/lib.scripthost.d.ts","/usr/lib/node_modules/typescript/lib/lib.es2015.core.d.ts","/usr/lib/node_modules/typescript/lib/lib.es2015.collection.d.ts","/usr/lib/node_modules/typescript/lib/lib.es2015.generator.d.ts","/usr/lib/node_modules/typescript/lib/lib.es2015.iterable.d.ts","/usr/lib/node_modules/typescript/lib/lib.es2015.promise.d.ts","/usr/lib/node_modules/typescript/lib/lib.es2015.proxy.d.ts","/usr/lib/node_modules/typescript/lib/lib.es2015.reflect.d.ts","/usr/lib/node_modules/typescript/lib/lib.es2015.symbol.d.ts","/usr/lib/node_modules/typescript/lib/lib.es2015.symbol.wellknown.d.ts","/usr/lib/node_modules/typescript/lib/lib.es2016.array.include.d.ts","/usr/lib/node_modules/typescript/lib/lib.es2016.full.d.ts","/home/rishavmngo/Documents/My_work/web_dev/react-projects/crwn-clothing/src/contexts/cart.context.jsx"],"compilerOptions":{"module":1,"target":3,"jsx":1,"allowJs":true,"allowSyntheticDefaultImports":true,"allowNonTsExtensions":true,"noEmitForJsFiles":true,"maxNodeModuleJsDepth":2},"typeAcquisition":{"enable":true,"include":[],"exclude":[]},"unresolvedImports":[],"projectRootPath":"/home/rishavmngo/Documents/My_work/web_dev/react-projects/crwn-clothing/src/contexts","kind":"discover"}
[20:45:04.822] Loaded safelist from types map file '/usr/lib/node_modules/typescript/lib/typesMap.json'
[20:45:04.822] Explicitly included types: []
[20:45:04.823] Inferred 'react' typings due to presence of '.jsx' extension
[20:45:04.823] Inferred typings from unresolved imports: []
[20:45:04.823] Result: {"cachedTypingPaths":["/home/rishavmngo/.cache/typescript/4.7/node_modules/@types/react/index.d.ts"],"newTypingNames":[],"filesToWatch":["/home/rishavmngo/Documents/My_work/web_dev/react-projects/crwn-clothing/src/contexts/bower_components","/home/rishavmngo/Documents/My_work/web_dev/react-projects/crwn-clothing/src/contexts/node_modules"]}
[20:45:04.823] Finished typings discovery: {"cachedTypingPaths":["/home/rishavmngo/.cache/typescript/4.7/node_modules/@types/react/index.d.ts"],"newTypingNames":[],"filesToWatch":["/home/rishavmngo/Documents/My_work/web_dev/react-projects/crwn-clothing/src/contexts/bower_components","/home/rishavmngo/Documents/My_work/web_dev/react-projects/crwn-clothing/src/contexts/node_modules"]}
[20:45:04.823] DirectoryWatcher:: Added:: WatchInfo: /home/rishavmngo/Documents/My_work/web_dev/react-projects/crwn-clothing/src/contexts/bower_components
[20:45:04.824] DirectoryWatcher:: Added:: WatchInfo: /home/rishavmngo/Documents/My_work/web_dev/react-projects/crwn-clothing/src/contexts/bower_components 1 undefined Project: /dev/null/inferredProject1* watcher already invoked: false
[20:45:04.825] Elapsed:: 1.1531269997358322ms DirectoryWatcher:: Added:: WatchInfo: /home/rishavmngo/Documents/My_work/web_dev/react-projects/crwn-clothing/src/contexts/bower_components 1 undefined Project: /dev/null/inferredProject1* watcher already invoked: false
[20:45:04.825] DirectoryWatcher:: Added:: WatchInfo: /home/rishavmngo/Documents/My_work/web_dev/react-projects/crwn-clothing/src/contexts/node_modules
[20:45:04.825] DirectoryWatcher:: Added:: WatchInfo: /home/rishavmngo/Documents/My_work/web_dev/react-projects/crwn-clothing/src/contexts/node_modules 1 undefined Project: /dev/null/inferredProject1* watcher already invoked: false
[20:45:04.825] Elapsed:: 0.09122200030833483ms DirectoryWatcher:: Added:: WatchInfo: /home/rishavmngo/Documents/My_work/web_dev/react-projects/crwn-clothing/src/contexts/node_modules 1 undefined Project: /dev/null/inferredProject1* watcher already invoked: false
[20:45:04.825] Sending response:
    {"projectName":"/dev/null/inferredProject1*","typeAcquisition":{"enable":true,"include":[],"exclude":[]},"compilerOptions":{"module":1,"target":3,"jsx":1,"allowJs":true,"allowSyntheticDefaultImports":true,"allowNonTsExtensions":true,"noEmitForJsFiles":true,"maxNodeModuleJsDepth":2},"typings":["/home/rishavmngo/.cache/typescript/4.7/node_modules/@types/react/index.d.ts"],"unresolvedImports":[],"kind":"action::set"}
[20:45:04.826] Response has been sent.
[20:45:04.826] No new typings were requested as a result of typings discovery
[20:45:05.487] Got install request {"projectName":"/dev/null/inferredProject1*","fileNames":["/usr/lib/node_modules/typescript/lib/lib.es5.d.ts","/usr/lib/node_modules/typescript/lib/lib.es2015.d.ts","/usr/lib/node_modules/typescript/lib/lib.es2016.d.ts","/usr/lib/node_modules/typescript/lib/lib.dom.d.ts","/usr/lib/node_modules/typescript/lib/lib.dom.iterable.d.ts","/usr/lib/node_modules/typescript/lib/lib.webworker.importscripts.d.ts","/usr/lib/node_modules/typescript/lib/lib.scripthost.d.ts","/usr/lib/node_modules/typescript/lib/lib.es2015.core.d.ts","/usr/lib/node_modules/typescript/lib/lib.es2015.collection.d.ts","/usr/lib/node_modules/typescript/lib/lib.es2015.generator.d.ts","/usr/lib/node_modules/typescript/lib/lib.es2015.iterable.d.ts","/usr/lib/node_modules/typescript/lib/lib.es2015.promise.d.ts","/usr/lib/node_modules/typescript/lib/lib.es2015.proxy.d.ts","/usr/lib/node_modules/typescript/lib/lib.es2015.reflect.d.ts","/usr/lib/node_modules/typescript/lib/lib.es2015.symbol.d.ts","/usr/lib/node_modules/typescript/lib/lib.es2015.symbol.wellknown.d.ts","/usr/lib/node_modules/typescript/lib/lib.es2016.array.include.d.ts","/usr/lib/node_modules/typescript/lib/lib.es2016.full.d.ts","/home/rishavmngo/Documents/My_work/web_dev/react-projects/crwn-clothing/src/contexts/cart.context.jsx","/home/rishavmngo/.cache/typescript/4.7/node_modules/@types/react/global.d.ts","/home/rishavmngo/.cache/typescript/4.7/node_modules/@types/react/index.d.ts"],"compilerOptions":{"module":1,"target":3,"jsx":1,"allowJs":true,"allowSyntheticDefaultImports":true,"allowNonTsExtensions":true,"noEmitForJsFiles":true,"maxNodeModuleJsDepth":2},"typeAcquisition":{"enable":true,"include":[],"exclude":[]},"unresolvedImports":[],"projectRootPath":"/home/rishavmngo/Documents/My_work/web_dev/react-projects/crwn-clothing/src/contexts","kind":"discover"}
[20:45:05.487] Explicitly included types: []
[20:45:05.488] Inferred 'react' typings due to presence of '.jsx' extension
[20:45:05.488] Inferred typings from unresolved imports: []
[20:45:05.488] Result: {"cachedTypingPaths":["/home/rishavmngo/.cache/typescript/4.7/node_modules/@types/react/index.d.ts"],"newTypingNames":[],"filesToWatch":["/home/rishavmngo/Documents/My_work/web_dev/react-projects/crwn-clothing/src/contexts/bower_components","/home/rishavmngo/Documents/My_work/web_dev/react-projects/crwn-clothing/src/contexts/node_modules"]}
[20:45:05.488] Finished typings discovery: {"cachedTypingPaths":["/home/rishavmngo/.cache/typescript/4.7/node_modules/@types/react/index.d.ts"],"newTypingNames":[],"filesToWatch":["/home/rishavmngo/Documents/My_work/web_dev/react-projects/crwn-clothing/src/contexts/bower_components","/home/rishavmngo/Documents/My_work/web_dev/react-projects/crwn-clothing/src/contexts/node_modules"]}
[20:45:05.488] Sending response:
    {"projectName":"/dev/null/inferredProject1*","typeAcquisition":{"enable":true,"include":[],"exclude":[]},"compilerOptions":{"module":1,"target":3,"jsx":1,"allowJs":true,"allowSyntheticDefaultImports":true,"allowNonTsExtensions":true,"noEmitForJsFiles":true,"maxNodeModuleJsDepth":2},"typings":["/home/rishavmngo/.cache/typescript/4.7/node_modules/@types/react/index.d.ts"],"unresolvedImports":[],"kind":"action::set"}
[20:45:05.489] Response has been sent.
[20:45:05.489] No new typings were requested as a result of typings discovery
[20:45:12.297] Got install request {"projectName":"/dev/null/inferredProject2*","fileNames":["/usr/lib/node_modules/typescript/lib/lib.es5.d.ts","/usr/lib/node_modules/typescript/lib/lib.es2015.d.ts","/usr/lib/node_modules/typescript/lib/lib.es2016.d.ts","/usr/lib/node_modules/typescript/lib/lib.dom.d.ts","/usr/lib/node_modules/typescript/lib/lib.dom.iterable.d.ts","/usr/lib/node_modules/typescript/lib/lib.webworker.importscripts.d.ts","/usr/lib/node_modules/typescript/lib/lib.scripthost.d.ts","/usr/lib/node_modules/typescript/lib/lib.es2015.core.d.ts","/usr/lib/node_modules/typescript/lib/lib.es2015.collection.d.ts","/usr/lib/node_modules/typescript/lib/lib.es2015.generator.d.ts","/usr/lib/node_modules/typescript/lib/lib.es2015.iterable.d.ts","/usr/lib/node_modules/typescript/lib/lib.es2015.promise.d.ts","/usr/lib/node_modules/typescript/lib/lib.es2015.proxy.d.ts","/usr/lib/node_modules/typescript/lib/lib.es2015.reflect.d.ts","/usr/lib/node_modules/typescript/lib/lib.es2015.symbol.d.ts","/usr/lib/node_modules/typescript/lib/lib.es2015.symbol.wellknown.d.ts","/usr/lib/node_modules/typescript/lib/lib.es2016.array.include.d.ts","/usr/lib/node_modules/typescript/lib/lib.es2016.full.d.ts","/home/rishavmngo/Documents/My_work/web_dev/react-projects/crwn-clothing/src/contexts/cart.context.jsx","/home/rishavmngo/Documents/My_work/web_dev/react-projects/crwn-clothing/src/routes/checkout/checkout.component.jsx"],"compilerOptions":{"module":1,"target":3,"jsx":1,"allowJs":true,"allowSyntheticDefaultImports":true,"allowNonTsExtensions":true,"noEmitForJsFiles":true,"maxNodeModuleJsDepth":2},"typeAcquisition":{"enable":true,"include":[],"exclude":[]},"unresolvedImports":[],"projectRootPath":"/home/rishavmngo/Documents/My_work/web_dev/react-projects/crwn-clothing/src/routes/checkout","kind":"discover"}
[20:45:12.298] Explicitly included types: []
[20:45:12.298] Inferred 'react' typings due to presence of '.jsx' extension
[20:45:12.298] Inferred typings from unresolved imports: []
[20:45:12.299] Result: {"cachedTypingPaths":["/home/rishavmngo/.cache/typescript/4.7/node_modules/@types/react/index.d.ts"],"newTypingNames":[],"filesToWatch":["/home/rishavmngo/Documents/My_work/web_dev/react-projects/crwn-clothing/src/contexts/bower_components","/home/rishavmngo/Documents/My_work/web_dev/react-projects/crwn-clothing/src/contexts/node_modules","/home/rishavmngo/Documents/My_work/web_dev/react-projects/crwn-clothing/src/routes/checkout/bower_components","/home/rishavmngo/Documents/My_work/web_dev/react-projects/crwn-clothing/src/routes/checkout/node_modules"]}
[20:45:12.299] Finished typings discovery: {"cachedTypingPaths":["/home/rishavmngo/.cache/typescript/4.7/node_modules/@types/react/index.d.ts"],"newTypingNames":[],"filesToWatch":["/home/rishavmngo/Documents/My_work/web_dev/react-projects/crwn-clothing/src/contexts/bower_components","/home/rishavmngo/Documents/My_work/web_dev/react-projects/crwn-clothing/src/contexts/node_modules","/home/rishavmngo/Documents/My_work/web_dev/react-projects/crwn-clothing/src/routes/checkout/bower_components","/home/rishavmngo/Documents/My_work/web_dev/react-projects/crwn-clothing/src/routes/checkout/node_modules"]}
[20:45:12.299] DirectoryWatcher:: Added:: WatchInfo: /home/rishavmngo/Documents/My_work/web_dev/react-projects/crwn-clothing/src/contexts/bower_components
[20:45:12.299] DirectoryWatcher:: Added:: WatchInfo: /home/rishavmngo/Documents/My_work/web_dev/react-projects/crwn-clothing/src/contexts/bower_components 1 undefined Project: /dev/null/inferredProject2* watcher already invoked: false
[20:45:12.299] Elapsed:: 0.035597000271081924ms DirectoryWatcher:: Added:: WatchInfo: /home/rishavmngo/Documents/My_work/web_dev/react-projects/crwn-clothing/src/contexts/bower_components 1 undefined Project: /dev/null/inferredProject2* watcher already invoked: false
[20:45:12.299] DirectoryWatcher:: Added:: WatchInfo: /home/rishavmngo/Documents/My_work/web_dev/react-projects/crwn-clothing/src/contexts/node_modules
[20:45:12.299] DirectoryWatcher:: Added:: WatchInfo: /home/rishavmngo/Documents/My_work/web_dev/react-projects/crwn-clothing/src/contexts/node_modules 1 undefined Project: /dev/null/inferredProject2* watcher already invoked: false
[20:45:12.300] Elapsed:: 0.03950500022619963ms DirectoryWatcher:: Added:: WatchInfo: /home/rishavmngo/Documents/My_work/web_dev/react-projects/crwn-clothing/src/contexts/node_modules 1 undefined Project: /dev/null/inferredProject2* watcher already invoked: false
[20:45:12.300] DirectoryWatcher:: Added:: WatchInfo: /home/rishavmngo/Documents/My_work/web_dev/react-projects/crwn-clothing/src/routes/checkout/bower_components
[20:45:12.300] DirectoryWatcher:: Added:: WatchInfo: /home/rishavmngo/Documents/My_work/web_dev/react-projects/crwn-clothing/src/routes/checkout/bower_components 1 undefined Project: /dev/null/inferredProject2* watcher already invoked: false
[20:45:12.300] Elapsed:: 0.24189599975943565ms DirectoryWatcher:: Added:: WatchInfo: /home/rishavmngo/Documents/My_work/web_dev/react-projects/crwn-clothing/src/routes/checkout/bower_components 1 undefined Project: /dev/null/inferredProject2* watcher already invoked: false
[20:45:12.300] DirectoryWatcher:: Added:: WatchInfo: /home/rishavmngo/Documents/My_work/web_dev/react-projects/crwn-clothing/src/routes/checkout/node_modules
[20:45:12.301] DirectoryWatcher:: Added:: WatchInfo: /home/rishavmngo/Documents/My_work/web_dev/react-projects/crwn-clothing/src/routes/checkout/node_modules 1 undefined Project: /dev/null/inferredProject2* watcher already invoked: false
[20:45:12.301] Elapsed:: 0.23438300006091595ms DirectoryWatcher:: Added:: WatchInfo: /home/rishavmngo/Documents/My_work/web_dev/react-projects/crwn-clothing/src/routes/checkout/node_modules 1 undefined Project: /dev/null/inferredProject2* watcher already invoked: false
[20:45:12.301] Sending response:
    {"projectName":"/dev/null/inferredProject2*","typeAcquisition":{"enable":true,"include":[],"exclude":[]},"compilerOptions":{"module":1,"target":3,"jsx":1,"allowJs":true,"allowSyntheticDefaultImports":true,"allowNonTsExtensions":true,"noEmitForJsFiles":true,"maxNodeModuleJsDepth":2},"typings":["/home/rishavmngo/.cache/typescript/4.7/node_modules/@types/react/index.d.ts"],"unresolvedImports":[],"kind":"action::set"}
[20:45:12.301] Response has been sent.
[20:45:12.301] No new typings were requested as a result of typings discovery
[20:45:12.636] Got install request {"projectName":"/dev/null/inferredProject2*","fileNames":["/usr/lib/node_modules/typescript/lib/lib.es5.d.ts","/usr/lib/node_modules/typescript/lib/lib.es2015.d.ts","/usr/lib/node_modules/typescript/lib/lib.es2016.d.ts","/usr/lib/node_modules/typescript/lib/lib.dom.d.ts","/usr/lib/node_modules/typescript/lib/lib.dom.iterable.d.ts","/usr/lib/node_modules/typescript/lib/lib.webworker.importscripts.d.ts","/usr/lib/node_modules/typescript/lib/lib.scripthost.d.ts","/usr/lib/node_modules/typescript/lib/lib.es2015.core.d.ts","/usr/lib/node_modules/typescript/lib/lib.es2015.collection.d.ts","/usr/lib/node_modules/typescript/lib/lib.es2015.generator.d.ts","/usr/lib/node_modules/typescript/lib/lib.es2015.iterable.d.ts","/usr/lib/node_modules/typescript/lib/lib.es2015.promise.d.ts","/usr/lib/node_modules/typescript/lib/lib.es2015.proxy.d.ts","/usr/lib/node_modules/typescript/lib/lib.es2015.reflect.d.ts","/usr/lib/node_modules/typescript/lib/lib.es2015.symbol.d.ts","/usr/lib/node_modules/typescript/lib/lib.es2015.symbol.wellknown.d.ts","/usr/lib/node_modules/typescript/lib/lib.es2016.array.include.d.ts","/usr/lib/node_modules/typescript/lib/lib.es2016.full.d.ts","/home/rishavmngo/Documents/My_work/web_dev/react-projects/crwn-clothing/src/contexts/cart.context.jsx","/home/rishavmngo/Documents/My_work/web_dev/react-projects/crwn-clothing/src/routes/checkout/checkout.component.jsx","/home/rishavmngo/.cache/typescript/4.7/node_modules/@types/react/global.d.ts","/home/rishavmngo/.cache/typescript/4.7/node_modules/@types/react/index.d.ts"],"compilerOptions":{"module":1,"target":3,"jsx":1,"allowJs":true,"allowSyntheticDefaultImports":true,"allowNonTsExtensions":true,"noEmitForJsFiles":true,"maxNodeModuleJsDepth":2},"typeAcquisition":{"enable":true,"include":[],"exclude":[]},"unresolvedImports":[],"projectRootPath":"/home/rishavmngo/Documents/My_work/web_dev/react-projects/crwn-clothing/src/routes/checkout","kind":"discover"}
[20:45:12.636] Explicitly included types: []
[20:45:12.636] Inferred 'react' typings due to presence of '.jsx' extension
[20:45:12.636] Inferred typings from unresolved imports: []
[20:45:12.637] Result: {"cachedTypingPaths":["/home/rishavmngo/.cache/typescript/4.7/node_modules/@types/react/index.d.ts"],"newTypingNames":[],"filesToWatch":["/home/rishavmngo/Documents/My_work/web_dev/react-projects/crwn-clothing/src/contexts/bower_components","/home/rishavmngo/Documents/My_work/web_dev/react-projects/crwn-clothing/src/contexts/node_modules","/home/rishavmngo/Documents/My_work/web_dev/react-projects/crwn-clothing/src/routes/checkout/bower_components","/home/rishavmngo/Documents/My_work/web_dev/react-projects/crwn-clothing/src/routes/checkout/node_modules"]}
[20:45:12.637] Finished typings discovery: {"cachedTypingPaths":["/home/rishavmngo/.cache/typescript/4.7/node_modules/@types/react/index.d.ts"],"newTypingNames":[],"filesToWatch":["/home/rishavmngo/Documents/My_work/web_dev/react-projects/crwn-clothing/src/contexts/bower_components","/home/rishavmngo/Documents/My_work/web_dev/react-projects/crwn-clothing/src/contexts/node_modules","/home/rishavmngo/Documents/My_work/web_dev/react-projects/crwn-clothing/src/routes/checkout/bower_components","/home/rishavmngo/Documents/My_work/web_dev/react-projects/crwn-clothing/src/routes/checkout/node_modules"]}
[20:45:12.637] Sending response:
    {"projectName":"/dev/null/inferredProject2*","typeAcquisition":{"enable":true,"include":[],"exclude":[]},"compilerOptions":{"module":1,"target":3,"jsx":1,"allowJs":true,"allowSyntheticDefaultImports":true,"allowNonTsExtensions":true,"noEmitForJsFiles":true,"maxNodeModuleJsDepth":2},"typings":["/home/rishavmngo/.cache/typescript/4.7/node_modules/@types/react/index.d.ts"],"unresolvedImports":[],"kind":"action::set"}
[20:45:12.637] Response has been sent.
[20:45:12.637] No new typings were requested as a result of typings discovery
[23:37:40.360] Got install request {"projectName":"/dev/null/inferredProject3*","fileNames":["/usr/lib/node_modules/typescript/lib/lib.es5.d.ts","/usr/lib/node_modules/typescript/lib/lib.es2015.d.ts","/usr/lib/node_modules/typescript/lib/lib.es2016.d.ts","/usr/lib/node_modules/typescript/lib/lib.dom.d.ts","/usr/lib/node_modules/typescript/lib/lib.dom.iterable.d.ts","/usr/lib/node_modules/typescript/lib/lib.webworker.importscripts.d.ts","/usr/lib/node_modules/typescript/lib/lib.scripthost.d.ts","/usr/lib/node_modules/typescript/lib/lib.es2015.core.d.ts","/usr/lib/node_modules/typescript/lib/lib.es2015.collection.d.ts","/usr/lib/node_modules/typescript/lib/lib.es2015.generator.d.ts","/usr/lib/node_modules/typescript/lib/lib.es2015.iterable.d.ts","/usr/lib/node_modules/typescript/lib/lib.es2015.promise.d.ts","/usr/lib/node_modules/typescript/lib/lib.es2015.proxy.d.ts","/usr/lib/node_modules/typescript/lib/lib.es2015.reflect.d.ts","/usr/lib/node_modules/typescript/lib/lib.es2015.symbol.d.ts","/usr/lib/node_modules/typescript/lib/lib.es2015.symbol.wellknown.d.ts","/usr/lib/node_modules/typescript/lib/lib.es2016.array.include.d.ts","/usr/lib/node_modules/typescript/lib/lib.es2016.full.d.ts","/home/rishavmngo/Documents/My_work/web_dev/react-projects/crwn-clothing/src/component/checkout-item/checkout-item.component.jsx"],"compilerOptions":{"module":1,"target":3,"jsx":1,"allowJs":true,"allowSyntheticDefaultImports":true,"allowNonTsExtensions":true,"noEmitForJsFiles":true,"maxNodeModuleJsDepth":2},"typeAcquisition":{"enable":true,"include":[],"exclude":[]},"unresolvedImports":[],"projectRootPath":"/home/rishavmngo/Documents/My_work/web_dev/react-projects/crwn-clothing/src/component/checkout-item","kind":"discover"}
[23:37:40.360] Explicitly included types: []
[23:37:40.361] Inferred 'react' typings due to presence of '.jsx' extension
[23:37:40.361] Inferred typings from unresolved imports: []
[23:37:40.361] Result: {"cachedTypingPaths":["/home/rishavmngo/.cache/typescript/4.7/node_modules/@types/react/index.d.ts"],"newTypingNames":[],"filesToWatch":["/home/rishavmngo/Documents/My_work/web_dev/react-projects/crwn-clothing/src/component/checkout-item/bower_components","/home/rishavmngo/Documents/My_work/web_dev/react-projects/crwn-clothing/src/component/checkout-item/node_modules"]}
[23:37:40.361] Finished typings discovery: {"cachedTypingPaths":["/home/rishavmngo/.cache/typescript/4.7/node_modules/@types/react/index.d.ts"],"newTypingNames":[],"filesToWatch":["/home/rishavmngo/Documents/My_work/web_dev/react-projects/crwn-clothing/src/component/checkout-item/bower_components","/home/rishavmngo/Documents/My_work/web_dev/react-projects/crwn-clothing/src/component/checkout-item/node_modules"]}
[23:37:40.361] DirectoryWatcher:: Added:: WatchInfo: /home/rishavmngo/Documents/My_work/web_dev/react-projects/crwn-clothing/src/component/checkout-item/bower_components
[23:37:40.361] DirectoryWatcher:: Added:: WatchInfo: /home/rishavmngo/Documents/My_work/web_dev/react-projects/crwn-clothing/src/component/checkout-item/bower_components 1 undefined Project: /dev/null/inferredProject3* watcher already invoked: false
[23:37:40.362] Elapsed:: 0.3429589979350567ms DirectoryWatcher:: Added:: WatchInfo: /home/rishavmngo/Documents/My_work/web_dev/react-projects/crwn-clothing/src/component/checkout-item/bower_components 1 undefined Project: /dev/null/inferredProject3* watcher already invoked: false
[23:37:40.362] DirectoryWatcher:: Added:: WatchInfo: /home/rishavmngo/Documents/My_work/web_dev/react-projects/crwn-clothing/src/component/checkout-item/node_modules
[23:37:40.362] DirectoryWatcher:: Added:: WatchInfo: /home/rishavmngo/Documents/My_work/web_dev/react-projects/crwn-clothing/src/component/checkout-item/node_modules 1 undefined Project: /dev/null/inferredProject3* watcher already invoked: false
[23:37:40.362] Elapsed:: 0.20404599979519844ms DirectoryWatcher:: Added:: WatchInfo: /home/rishavmngo/Documents/My_work/web_dev/react-projects/crwn-clothing/src/component/checkout-item/node_modules 1 undefined Project: /dev/null/inferredProject3* watcher already invoked: false
[23:37:40.363] Sending response:
    {"projectName":"/dev/null/inferredProject3*","typeAcquisition":{"enable":true,"include":[],"exclude":[]},"compilerOptions":{"module":1,"target":3,"jsx":1,"allowJs":true,"allowSyntheticDefaultImports":true,"allowNonTsExtensions":true,"noEmitForJsFiles":true,"maxNodeModuleJsDepth":2},"typings":["/home/rishavmngo/.cache/typescript/4.7/node_modules/@types/react/index.d.ts"],"unresolvedImports":[],"kind":"action::set"}
[23:37:40.363] Response has been sent.
[23:37:40.363] No new typings were requested as a result of typings discovery
[23:37:40.852] Got install request {"projectName":"/dev/null/inferredProject3*","fileNames":["/usr/lib/node_modules/typescript/lib/lib.es5.d.ts","/usr/lib/node_modules/typescript/lib/lib.es2015.d.ts","/usr/lib/node_modules/typescript/lib/lib.es2016.d.ts","/usr/lib/node_modules/typescript/lib/lib.dom.d.ts","/usr/lib/node_modules/typescript/lib/lib.dom.iterable.d.ts","/usr/lib/node_modules/typescript/lib/lib.webworker.importscripts.d.ts","/usr/lib/node_modules/typescript/lib/lib.scripthost.d.ts","/usr/lib/node_modules/typescript/lib/lib.es2015.core.d.ts","/usr/lib/node_modules/typescript/lib/lib.es2015.collection.d.ts","/usr/lib/node_modules/typescript/lib/lib.es2015.generator.d.ts","/usr/lib/node_modules/typescript/lib/lib.es2015.iterable.d.ts","/usr/lib/node_modules/typescript/lib/lib.es2015.promise.d.ts","/usr/lib/node_modules/typescript/lib/lib.es2015.proxy.d.ts","/usr/lib/node_modules/typescript/lib/lib.es2015.reflect.d.ts","/usr/lib/node_modules/typescript/lib/lib.es2015.symbol.d.ts","/usr/lib/node_modules/typescript/lib/lib.es2015.symbol.wellknown.d.ts","/usr/lib/node_modules/typescript/lib/lib.es2016.array.include.d.ts","/usr/lib/node_modules/typescript/lib/lib.es2016.full.d.ts","/home/rishavmngo/Documents/My_work/web_dev/react-projects/crwn-clothing/src/component/checkout-item/checkout-item.component.jsx","/home/rishavmngo/.cache/typescript/4.7/node_modules/@types/react/global.d.ts","/home/rishavmngo/.cache/typescript/4.7/node_modules/@types/react/index.d.ts"],"compilerOptions":{"module":1,"target":3,"jsx":1,"allowJs":true,"allowSyntheticDefaultImports":true,"allowNonTsExtensions":true,"noEmitForJsFiles":true,"maxNodeModuleJsDepth":2},"typeAcquisition":{"enable":true,"include":[],"exclude":[]},"unresolvedImports":[],"projectRootPath":"/home/rishavmngo/Documents/My_work/web_dev/react-projects/crwn-clothing/src/component/checkout-item","kind":"discover"}
[23:37:40.852] Explicitly included types: []
[23:37:40.852] Inferred 'react' typings due to presence of '.jsx' extension
[23:37:40.852] Inferred typings from unresolved imports: []
[23:37:40.852] Result: {"cachedTypingPaths":["/home/rishavmngo/.cache/typescript/4.7/node_modules/@types/react/index.d.ts"],"newTypingNames":[],"filesToWatch":["/home/rishavmngo/Documents/My_work/web_dev/react-projects/crwn-clothing/src/component/checkout-item/bower_components","/home/rishavmngo/Documents/My_work/web_dev/react-projects/crwn-clothing/src/component/checkout-item/node_modules"]}
[23:37:40.852] Finished typings discovery: {"cachedTypingPaths":["/home/rishavmngo/.cache/typescript/4.7/node_modules/@types/react/index.d.ts"],"newTypingNames":[],"filesToWatch":["/home/rishavmngo/Documents/My_work/web_dev/react-projects/crwn-clothing/src/component/checkout-item/bower_components","/home/rishavmngo/Documents/My_work/web_dev/react-projects/crwn-clothing/src/component/checkout-item/node_modules"]}
[23:37:40.853] Sending response:
    {"projectName":"/dev/null/inferredProject3*","typeAcquisition":{"enable":true,"include":[],"exclude":[]},"compilerOptions":{"module":1,"target":3,"jsx":1,"allowJs":true,"allowSyntheticDefaultImports":true,"allowNonTsExtensions":true,"noEmitForJsFiles":true,"maxNodeModuleJsDepth":2},"typings":["/home/rishavmngo/.cache/typescript/4.7/node_modules/@types/react/index.d.ts"],"unresolvedImports":[],"kind":"action::set"}
[23:37:40.853] Response has been sent.
[23:37:40.853] No new typings were requested as a result of typings discovery
